2025-01-12 11:29:47,976 WARN c.z.h.p.HikariPool$HouseKeeper {run} [HikariPool-1 housekeeper] HikariPool-1 - Thread starvation or clock leap detected (housekeeper delta=12h33m30s427ms153µs100ns).
2025-01-12 11:56:10,099 INFO o.a.j.l.DirectJDKLog {log} [http-nio-8080-exec-1] Initializing Spring DispatcherServlet 'dispatcherServlet'
2025-01-12 11:56:10,114 INFO o.s.w.s.FrameworkServlet {initServletBean} [http-nio-8080-exec-1] Initializing Servlet 'dispatcherServlet'
2025-01-12 11:56:10,180 INFO o.s.w.s.FrameworkServlet {initServletBean} [http-nio-8080-exec-1] Completed initialization in 61 ms
2025-01-12 11:56:10,606 INFO c.s.a.c.BikeController {getAll} [http-nio-8080-exec-1] BEGIN getAll
2025-01-12 11:56:11,300 INFO c.s.a.c.BikeController {getAll} [http-nio-8080-exec-1] END getAll
2025-01-12 11:59:12,871 INFO o.h.v.i.u.Version {<clinit>} [background-preinit] HV000001: Hibernate Validator 8.0.1.Final
2025-01-12 11:59:12,948 INFO o.s.b.StartupInfoLogger {logStarting} [main] Starting HellospringApplication using Java 21 with PID 15988 (C:\Users\34618\Documents\2DAM Gdo. Superior\Acceso a datos 2DAM\hellospring\target\classes started by 34618 in C:\Users\34618\Documents\2DAM Gdo. Superior\Acceso a datos 2DAM\hellospring)
2025-01-12 11:59:12,949 INFO o.s.b.SpringApplication {logStartupProfileInfo} [main] No active profile set, falling back to 1 default profile: "default"
2025-01-12 11:59:13,709 INFO o.s.d.r.c.RepositoryConfigurationDelegate {registerRepositoriesIn} [main] Bootstrapping Spring Data JPA repositories in DEFAULT mode.
2025-01-12 11:59:13,843 INFO o.s.d.r.c.RepositoryConfigurationDelegate {registerRepositoriesIn} [main] Finished Spring Data repository scanning in 121 ms. Found 2 JPA repository interfaces.
2025-01-12 11:59:17,045 INFO o.s.b.w.e.t.TomcatWebServer {initialize} [main] Tomcat initialized with port 8080 (http)
2025-01-12 11:59:17,069 INFO o.a.j.l.DirectJDKLog {log} [main] Initializing ProtocolHandler ["http-nio-8080"]
2025-01-12 11:59:17,077 INFO o.a.j.l.DirectJDKLog {log} [main] Starting service [Tomcat]
2025-01-12 11:59:17,085 INFO o.a.j.l.DirectJDKLog {log} [main] Starting Servlet engine: [Apache Tomcat/10.1.31]
2025-01-12 11:59:17,230 INFO o.a.j.l.DirectJDKLog {log} [main] Initializing Spring embedded WebApplicationContext
2025-01-12 11:59:17,230 INFO o.s.b.w.s.c.ServletWebServerApplicationContext {prepareWebApplicationContext} [main] Root WebApplicationContext: initialization completed in 4226 ms
2025-01-12 11:59:17,285 INFO c.z.h.HikariDataSource {getConnection} [main] HikariPool-1 - Starting...
2025-01-12 11:59:17,930 INFO c.z.h.p.HikariPool {checkFailFast} [main] HikariPool-1 - Added connection conn0: url=jdbc:h2:file:C:/Users/34618/bikes.db user=SA
2025-01-12 11:59:17,930 INFO c.z.h.HikariDataSource {getConnection} [main] HikariPool-1 - Start completed.
2025-01-12 11:59:17,986 INFO o.s.b.a.h.H2ConsoleAutoConfiguration {logDataSources} [main] H2 console available at '/h2-console'. Database available at 'jdbc:h2:file:C:/Users/34618/bikes.db'
2025-01-12 11:59:18,284 INFO o.h.j.i.u.LogHelper {logPersistenceUnitInformation} [main] HHH000204: Processing PersistenceUnitInfo [name: default]
2025-01-12 11:59:18,486 INFO o.h.Version {logVersion} [main] HHH000412: Hibernate ORM core version 6.5.3.Final
2025-01-12 11:59:18,583 INFO o.h.c.i.RegionFactoryInitiator {initiateService} [main] HHH000026: Second-level cache disabled
2025-01-12 11:59:19,413 INFO o.s.o.j.p.SpringPersistenceUnitInfo {addTransformer} [main] No LoadTimeWeaver setup: ignoring JPA class transformer
2025-01-12 11:59:19,534 WARN o.h.e.j.d.i.DialectFactoryImpl {constructDialect} [main] HHH90000025: H2Dialect does not need to be specified explicitly using 'hibernate.dialect' (remove the property setting and it will be selected by default)
2025-01-12 11:59:21,686 INFO o.h.e.t.j.p.i.JtaPlatformInitiator {initiateService} [main] HHH000489: No JTA platform available (set 'hibernate.transaction.jta.platform' to enable JTA platform integration)
2025-01-12 11:59:21,823 WARN o.h.t.s.i.ExceptionHandlerLoggedImpl {handleException} [main] GenerationTarget encountered exception accepting command : Error executing DDL "alter table if exists bikes add column latitude float(53) not null" via JDBC [La columna "LATITUDE" no permite valores nulos (NULL)
NULL not allowed for column "LATITUDE";]
org.hibernate.tool.schema.spi.CommandAcceptanceException: Error executing DDL "alter table if exists bikes add column latitude float(53) not null" via JDBC [La columna "LATITUDE" no permite valores nulos (NULL)
NULL not allowed for column "LATITUDE";]
	at org.hibernate.tool.schema.internal.exec.GenerationTargetToDatabase.accept(GenerationTargetToDatabase.java:94)
	at org.hibernate.tool.schema.internal.AbstractSchemaMigrator.applySqlString(AbstractSchemaMigrator.java:583)
	at org.hibernate.tool.schema.internal.AbstractSchemaMigrator.applySqlStrings(AbstractSchemaMigrator.java:523)
	at org.hibernate.tool.schema.internal.AbstractSchemaMigrator.migrateTable(AbstractSchemaMigrator.java:341)
	at org.hibernate.tool.schema.internal.GroupedSchemaMigratorImpl.performTablesMigration(GroupedSchemaMigratorImpl.java:84)
	at org.hibernate.tool.schema.internal.AbstractSchemaMigrator.performMigration(AbstractSchemaMigrator.java:240)
	at org.hibernate.tool.schema.internal.AbstractSchemaMigrator.doMigration(AbstractSchemaMigrator.java:119)
	at org.hibernate.tool.schema.spi.SchemaManagementToolCoordinator.performDatabaseAction(SchemaManagementToolCoordinator.java:280)
	at org.hibernate.tool.schema.spi.SchemaManagementToolCoordinator.lambda$process$5(SchemaManagementToolCoordinator.java:144)
	at java.base/java.util.HashMap.forEach(HashMap.java:1429)
	at org.hibernate.tool.schema.spi.SchemaManagementToolCoordinator.process(SchemaManagementToolCoordinator.java:141)
	at org.hibernate.boot.internal.SessionFactoryObserverForSchemaExport.sessionFactoryCreated(SessionFactoryObserverForSchemaExport.java:37)
	at org.hibernate.internal.SessionFactoryObserverChain.sessionFactoryCreated(SessionFactoryObserverChain.java:35)
	at org.hibernate.internal.SessionFactoryImpl.<init>(SessionFactoryImpl.java:322)
	at org.hibernate.boot.internal.SessionFactoryBuilderImpl.build(SessionFactoryBuilderImpl.java:457)
	at org.hibernate.jpa.boot.internal.EntityManagerFactoryBuilderImpl.build(EntityManagerFactoryBuilderImpl.java:1506)
	at org.springframework.orm.jpa.vendor.SpringHibernateJpaPersistenceProvider.createContainerEntityManagerFactory(SpringHibernateJpaPersistenceProvider.java:75)
	at org.springframework.orm.jpa.LocalContainerEntityManagerFactoryBean.createNativeEntityManagerFactory(LocalContainerEntityManagerFactoryBean.java:390)
	at org.springframework.orm.jpa.AbstractEntityManagerFactoryBean.buildNativeEntityManagerFactory(AbstractEntityManagerFactoryBean.java:409)
	at org.springframework.orm.jpa.AbstractEntityManagerFactoryBean.afterPropertiesSet(AbstractEntityManagerFactoryBean.java:396)
	at org.springframework.orm.jpa.LocalContainerEntityManagerFactoryBean.afterPropertiesSet(LocalContainerEntityManagerFactoryBean.java:366)
	at org.springframework.beans.factory.support.AbstractAutowireCapableBeanFactory.invokeInitMethods(AbstractAutowireCapableBeanFactory.java:1853)
	at org.springframework.beans.factory.support.AbstractAutowireCapableBeanFactory.initializeBean(AbstractAutowireCapableBeanFactory.java:1802)
	at org.springframework.beans.factory.support.AbstractAutowireCapableBeanFactory.doCreateBean(AbstractAutowireCapableBeanFactory.java:600)
	at org.springframework.beans.factory.support.AbstractAutowireCapableBeanFactory.createBean(AbstractAutowireCapableBeanFactory.java:522)
	at org.springframework.beans.factory.support.AbstractBeanFactory.lambda$doGetBean$0(AbstractBeanFactory.java:337)
	at org.springframework.beans.factory.support.DefaultSingletonBeanRegistry.getSingleton(DefaultSingletonBeanRegistry.java:234)
	at org.springframework.beans.factory.support.AbstractBeanFactory.doGetBean(AbstractBeanFactory.java:335)
	at org.springframework.beans.factory.support.AbstractBeanFactory.getBean(AbstractBeanFactory.java:205)
	at org.springframework.context.support.AbstractApplicationContext.finishBeanFactoryInitialization(AbstractApplicationContext.java:954)
	at org.springframework.context.support.AbstractApplicationContext.refresh(AbstractApplicationContext.java:625)
	at org.springframework.boot.web.servlet.context.ServletWebServerApplicationContext.refresh(ServletWebServerApplicationContext.java:146)
	at org.springframework.boot.SpringApplication.refresh(SpringApplication.java:754)
	at org.springframework.boot.SpringApplication.refreshContext(SpringApplication.java:456)
	at org.springframework.boot.SpringApplication.run(SpringApplication.java:335)
	at org.springframework.boot.SpringApplication.run(SpringApplication.java:1363)
	at org.springframework.boot.SpringApplication.run(SpringApplication.java:1352)
	at com.svalero.apibikes.HellospringApplication.main(HellospringApplication.java:10)
Caused by: org.h2.jdbc.JdbcSQLIntegrityConstraintViolationException: La columna "LATITUDE" no permite valores nulos (NULL)
NULL not allowed for column "LATITUDE"; SQL statement:
INSERT INTO "PUBLIC"."BIKES_COPY_3_0"("ID", "BRAND", "COLOR", "MODEL", "RELEASE_DATE", "USER_ID", "REGISTRATION_DATE") OVERRIDING SYSTEM VALUE SELECT "ID", "BRAND", "COLOR", "MODEL", "RELEASE_DATE", "USER_ID", "REGISTRATION_DATE" FROM "PUBLIC"."BIKES" [23502-224]
	at org.h2.message.DbException.getJdbcSQLException(DbException.java:520)
	at org.h2.message.DbException.getJdbcSQLException(DbException.java:489)
	at org.h2.message.DbException.get(DbException.java:223)
	at org.h2.message.DbException.get(DbException.java:199)
	at org.h2.table.Column.validateConvertUpdateSequence(Column.java:365)
	at org.h2.table.Table.convertInsertRow(Table.java:936)
	at org.h2.command.dml.Insert.addRow(Insert.java:229)
	at org.h2.command.dml.Insert.insertRows(Insert.java:203)
	at org.h2.command.dml.Insert.update(Insert.java:135)
	at org.h2.command.dml.DataChangeStatement.update(DataChangeStatement.java:74)
	at org.h2.command.CommandContainer.update(CommandContainer.java:169)
	at org.h2.command.Command.executeUpdate(Command.java:256)
	at org.h2.command.ddl.AlterTableAlterColumn.execute(AlterTableAlterColumn.java:649)
	at org.h2.command.ddl.AlterTableAlterColumn.cloneTableStructure(AlterTableAlterColumn.java:561)
	at org.h2.command.ddl.AlterTableAlterColumn.copyData(AlterTableAlterColumn.java:343)
	at org.h2.command.ddl.AlterTableAlterColumn.update(AlterTableAlterColumn.java:244)
	at org.h2.command.CommandContainer.update(CommandContainer.java:169)
	at org.h2.command.Command.executeUpdate(Command.java:256)
	at org.h2.jdbc.JdbcStatement.executeInternal(JdbcStatement.java:262)
	at org.h2.jdbc.JdbcStatement.execute(JdbcStatement.java:231)
	at com.zaxxer.hikari.pool.ProxyStatement.execute(ProxyStatement.java:94)
	at com.zaxxer.hikari.pool.HikariProxyStatement.execute(HikariProxyStatement.java)
	at org.hibernate.tool.schema.internal.exec.GenerationTargetToDatabase.accept(GenerationTargetToDatabase.java:80)
	... 37 common frames omitted
2025-01-12 11:59:21,839 WARN o.h.t.s.i.ExceptionHandlerLoggedImpl {handleException} [main] GenerationTarget encountered exception accepting command : Error executing DDL "alter table if exists bikes add column longitude float(53) not null" via JDBC [La columna "LONGITUDE" no permite valores nulos (NULL)
NULL not allowed for column "LONGITUDE";]
org.hibernate.tool.schema.spi.CommandAcceptanceException: Error executing DDL "alter table if exists bikes add column longitude float(53) not null" via JDBC [La columna "LONGITUDE" no permite valores nulos (NULL)
NULL not allowed for column "LONGITUDE";]
	at org.hibernate.tool.schema.internal.exec.GenerationTargetToDatabase.accept(GenerationTargetToDatabase.java:94)
	at org.hibernate.tool.schema.internal.AbstractSchemaMigrator.applySqlString(AbstractSchemaMigrator.java:583)
	at org.hibernate.tool.schema.internal.AbstractSchemaMigrator.applySqlStrings(AbstractSchemaMigrator.java:523)
	at org.hibernate.tool.schema.internal.AbstractSchemaMigrator.migrateTable(AbstractSchemaMigrator.java:341)
	at org.hibernate.tool.schema.internal.GroupedSchemaMigratorImpl.performTablesMigration(GroupedSchemaMigratorImpl.java:84)
	at org.hibernate.tool.schema.internal.AbstractSchemaMigrator.performMigration(AbstractSchemaMigrator.java:240)
	at org.hibernate.tool.schema.internal.AbstractSchemaMigrator.doMigration(AbstractSchemaMigrator.java:119)
	at org.hibernate.tool.schema.spi.SchemaManagementToolCoordinator.performDatabaseAction(SchemaManagementToolCoordinator.java:280)
	at org.hibernate.tool.schema.spi.SchemaManagementToolCoordinator.lambda$process$5(SchemaManagementToolCoordinator.java:144)
	at java.base/java.util.HashMap.forEach(HashMap.java:1429)
	at org.hibernate.tool.schema.spi.SchemaManagementToolCoordinator.process(SchemaManagementToolCoordinator.java:141)
	at org.hibernate.boot.internal.SessionFactoryObserverForSchemaExport.sessionFactoryCreated(SessionFactoryObserverForSchemaExport.java:37)
	at org.hibernate.internal.SessionFactoryObserverChain.sessionFactoryCreated(SessionFactoryObserverChain.java:35)
	at org.hibernate.internal.SessionFactoryImpl.<init>(SessionFactoryImpl.java:322)
	at org.hibernate.boot.internal.SessionFactoryBuilderImpl.build(SessionFactoryBuilderImpl.java:457)
	at org.hibernate.jpa.boot.internal.EntityManagerFactoryBuilderImpl.build(EntityManagerFactoryBuilderImpl.java:1506)
	at org.springframework.orm.jpa.vendor.SpringHibernateJpaPersistenceProvider.createContainerEntityManagerFactory(SpringHibernateJpaPersistenceProvider.java:75)
	at org.springframework.orm.jpa.LocalContainerEntityManagerFactoryBean.createNativeEntityManagerFactory(LocalContainerEntityManagerFactoryBean.java:390)
	at org.springframework.orm.jpa.AbstractEntityManagerFactoryBean.buildNativeEntityManagerFactory(AbstractEntityManagerFactoryBean.java:409)
	at org.springframework.orm.jpa.AbstractEntityManagerFactoryBean.afterPropertiesSet(AbstractEntityManagerFactoryBean.java:396)
	at org.springframework.orm.jpa.LocalContainerEntityManagerFactoryBean.afterPropertiesSet(LocalContainerEntityManagerFactoryBean.java:366)
	at org.springframework.beans.factory.support.AbstractAutowireCapableBeanFactory.invokeInitMethods(AbstractAutowireCapableBeanFactory.java:1853)
	at org.springframework.beans.factory.support.AbstractAutowireCapableBeanFactory.initializeBean(AbstractAutowireCapableBeanFactory.java:1802)
	at org.springframework.beans.factory.support.AbstractAutowireCapableBeanFactory.doCreateBean(AbstractAutowireCapableBeanFactory.java:600)
	at org.springframework.beans.factory.support.AbstractAutowireCapableBeanFactory.createBean(AbstractAutowireCapableBeanFactory.java:522)
	at org.springframework.beans.factory.support.AbstractBeanFactory.lambda$doGetBean$0(AbstractBeanFactory.java:337)
	at org.springframework.beans.factory.support.DefaultSingletonBeanRegistry.getSingleton(DefaultSingletonBeanRegistry.java:234)
	at org.springframework.beans.factory.support.AbstractBeanFactory.doGetBean(AbstractBeanFactory.java:335)
	at org.springframework.beans.factory.support.AbstractBeanFactory.getBean(AbstractBeanFactory.java:205)
	at org.springframework.context.support.AbstractApplicationContext.finishBeanFactoryInitialization(AbstractApplicationContext.java:954)
	at org.springframework.context.support.AbstractApplicationContext.refresh(AbstractApplicationContext.java:625)
	at org.springframework.boot.web.servlet.context.ServletWebServerApplicationContext.refresh(ServletWebServerApplicationContext.java:146)
	at org.springframework.boot.SpringApplication.refresh(SpringApplication.java:754)
	at org.springframework.boot.SpringApplication.refreshContext(SpringApplication.java:456)
	at org.springframework.boot.SpringApplication.run(SpringApplication.java:335)
	at org.springframework.boot.SpringApplication.run(SpringApplication.java:1363)
	at org.springframework.boot.SpringApplication.run(SpringApplication.java:1352)
	at com.svalero.apibikes.HellospringApplication.main(HellospringApplication.java:10)
Caused by: org.h2.jdbc.JdbcSQLIntegrityConstraintViolationException: La columna "LONGITUDE" no permite valores nulos (NULL)
NULL not allowed for column "LONGITUDE"; SQL statement:
INSERT INTO "PUBLIC"."BIKES_COPY_3_1"("ID", "BRAND", "COLOR", "MODEL", "RELEASE_DATE", "USER_ID", "REGISTRATION_DATE") OVERRIDING SYSTEM VALUE SELECT "ID", "BRAND", "COLOR", "MODEL", "RELEASE_DATE", "USER_ID", "REGISTRATION_DATE" FROM "PUBLIC"."BIKES" [23502-224]
	at org.h2.message.DbException.getJdbcSQLException(DbException.java:520)
	at org.h2.message.DbException.getJdbcSQLException(DbException.java:489)
	at org.h2.message.DbException.get(DbException.java:223)
	at org.h2.message.DbException.get(DbException.java:199)
	at org.h2.table.Column.validateConvertUpdateSequence(Column.java:365)
	at org.h2.table.Table.convertInsertRow(Table.java:936)
	at org.h2.command.dml.Insert.addRow(Insert.java:229)
	at org.h2.command.dml.Insert.insertRows(Insert.java:203)
	at org.h2.command.dml.Insert.update(Insert.java:135)
	at org.h2.command.dml.DataChangeStatement.update(DataChangeStatement.java:74)
	at org.h2.command.CommandContainer.update(CommandContainer.java:169)
	at org.h2.command.Command.executeUpdate(Command.java:256)
	at org.h2.command.ddl.AlterTableAlterColumn.execute(AlterTableAlterColumn.java:649)
	at org.h2.command.ddl.AlterTableAlterColumn.cloneTableStructure(AlterTableAlterColumn.java:561)
	at org.h2.command.ddl.AlterTableAlterColumn.copyData(AlterTableAlterColumn.java:343)
	at org.h2.command.ddl.AlterTableAlterColumn.update(AlterTableAlterColumn.java:244)
	at org.h2.command.CommandContainer.update(CommandContainer.java:169)
	at org.h2.command.Command.executeUpdate(Command.java:256)
	at org.h2.jdbc.JdbcStatement.executeInternal(JdbcStatement.java:262)
	at org.h2.jdbc.JdbcStatement.execute(JdbcStatement.java:231)
	at com.zaxxer.hikari.pool.ProxyStatement.execute(ProxyStatement.java:94)
	at com.zaxxer.hikari.pool.HikariProxyStatement.execute(HikariProxyStatement.java)
	at org.hibernate.tool.schema.internal.exec.GenerationTargetToDatabase.accept(GenerationTargetToDatabase.java:80)
	... 37 common frames omitted
2025-01-12 11:59:22,202 INFO o.s.o.j.AbstractEntityManagerFactoryBean {buildNativeEntityManagerFactory} [main] Initialized JPA EntityManagerFactory for persistence unit 'default'
2025-01-12 11:59:23,044 INFO o.s.d.j.r.q.QueryEnhancerFactory {<clinit>} [main] Hibernate is in classpath; If applicable, HQL parser will be used.
2025-01-12 11:59:24,199 WARN o.s.b.a.o.j.JpaBaseConfiguration$JpaWebConfiguration {openEntityManagerInViewInterceptor} [main] spring.jpa.open-in-view is enabled by default. Therefore, database queries may be performed during view rendering. Explicitly configure spring.jpa.open-in-view to disable this warning
2025-01-12 11:59:24,961 INFO o.a.j.l.DirectJDKLog {log} [main] Starting ProtocolHandler ["http-nio-8080"]
2025-01-12 11:59:25,050 INFO o.s.b.w.e.t.TomcatWebServer {start} [main] Tomcat started on port 8080 (http) with context path '/'
2025-01-12 11:59:25,066 INFO o.s.b.StartupInfoLogger {logStarted} [main] Started HellospringApplication in 12.788 seconds (process running for 13.29)
2025-01-12 12:03:51,243 INFO o.h.v.i.u.Version {<clinit>} [background-preinit] HV000001: Hibernate Validator 8.0.1.Final
2025-01-12 12:03:51,326 INFO o.s.b.StartupInfoLogger {logStarting} [main] Starting HellospringApplication using Java 21 with PID 1180 (C:\Users\34618\Documents\2DAM Gdo. Superior\Acceso a datos 2DAM\hellospring\target\classes started by 34618 in C:\Users\34618\Documents\2DAM Gdo. Superior\Acceso a datos 2DAM\hellospring)
2025-01-12 12:03:51,331 INFO o.s.b.SpringApplication {logStartupProfileInfo} [main] No active profile set, falling back to 1 default profile: "default"
2025-01-12 12:03:52,731 INFO o.s.d.r.c.RepositoryConfigurationDelegate {registerRepositoriesIn} [main] Bootstrapping Spring Data JPA repositories in DEFAULT mode.
2025-01-12 12:03:52,984 INFO o.s.d.r.c.RepositoryConfigurationDelegate {registerRepositoriesIn} [main] Finished Spring Data repository scanning in 213 ms. Found 2 JPA repository interfaces.
2025-01-12 12:03:55,256 INFO o.s.b.w.e.t.TomcatWebServer {initialize} [main] Tomcat initialized with port 8080 (http)
2025-01-12 12:03:55,300 INFO o.a.j.l.DirectJDKLog {log} [main] Initializing ProtocolHandler ["http-nio-8080"]
2025-01-12 12:03:55,318 INFO o.a.j.l.DirectJDKLog {log} [main] Starting service [Tomcat]
2025-01-12 12:03:55,321 INFO o.a.j.l.DirectJDKLog {log} [main] Starting Servlet engine: [Apache Tomcat/10.1.31]
2025-01-12 12:03:55,532 INFO o.a.j.l.DirectJDKLog {log} [main] Initializing Spring embedded WebApplicationContext
2025-01-12 12:03:55,538 INFO o.s.b.w.s.c.ServletWebServerApplicationContext {prepareWebApplicationContext} [main] Root WebApplicationContext: initialization completed in 4122 ms
2025-01-12 12:03:55,607 INFO c.z.h.HikariDataSource {getConnection} [main] HikariPool-1 - Starting...
2025-01-12 12:03:56,281 INFO c.z.h.p.HikariPool {checkFailFast} [main] HikariPool-1 - Added connection conn0: url=jdbc:h2:file:C:/Users/34618/bikes.db user=SA
2025-01-12 12:03:56,296 INFO c.z.h.HikariDataSource {getConnection} [main] HikariPool-1 - Start completed.
2025-01-12 12:03:56,342 INFO o.s.b.a.h.H2ConsoleAutoConfiguration {logDataSources} [main] H2 console available at '/h2-console'. Database available at 'jdbc:h2:file:C:/Users/34618/bikes.db'
2025-01-12 12:03:56,812 INFO o.h.j.i.u.LogHelper {logPersistenceUnitInformation} [main] HHH000204: Processing PersistenceUnitInfo [name: default]
2025-01-12 12:03:57,145 INFO o.h.Version {logVersion} [main] HHH000412: Hibernate ORM core version 6.5.3.Final
2025-01-12 12:03:57,237 INFO o.h.c.i.RegionFactoryInitiator {initiateService} [main] HHH000026: Second-level cache disabled
2025-01-12 12:03:58,177 INFO o.s.o.j.p.SpringPersistenceUnitInfo {addTransformer} [main] No LoadTimeWeaver setup: ignoring JPA class transformer
2025-01-12 12:03:58,281 WARN o.h.e.j.d.i.DialectFactoryImpl {constructDialect} [main] HHH90000025: H2Dialect does not need to be specified explicitly using 'hibernate.dialect' (remove the property setting and it will be selected by default)
2025-01-12 12:04:00,287 INFO o.h.e.t.j.p.i.JtaPlatformInitiator {initiateService} [main] HHH000489: No JTA platform available (set 'hibernate.transaction.jta.platform' to enable JTA platform integration)
2025-01-12 12:04:00,426 INFO o.s.o.j.AbstractEntityManagerFactoryBean {buildNativeEntityManagerFactory} [main] Initialized JPA EntityManagerFactory for persistence unit 'default'
2025-01-12 12:04:01,511 INFO o.s.d.j.r.q.QueryEnhancerFactory {<clinit>} [main] Hibernate is in classpath; If applicable, HQL parser will be used.
2025-01-12 12:04:02,160 WARN o.s.b.a.o.j.JpaBaseConfiguration$JpaWebConfiguration {openEntityManagerInViewInterceptor} [main] spring.jpa.open-in-view is enabled by default. Therefore, database queries may be performed during view rendering. Explicitly configure spring.jpa.open-in-view to disable this warning
2025-01-12 12:04:02,620 INFO o.a.j.l.DirectJDKLog {log} [main] Starting ProtocolHandler ["http-nio-8080"]
2025-01-12 12:04:02,661 INFO o.s.b.w.e.t.TomcatWebServer {start} [main] Tomcat started on port 8080 (http) with context path '/'
2025-01-12 12:04:02,670 INFO o.s.b.StartupInfoLogger {logStarted} [main] Started HellospringApplication in 12.411 seconds (process running for 14.027)
2025-01-12 12:17:31,258 INFO o.a.j.l.DirectJDKLog {log} [http-nio-8080-exec-1] Initializing Spring DispatcherServlet 'dispatcherServlet'
2025-01-12 12:17:31,324 INFO o.s.w.s.FrameworkServlet {initServletBean} [http-nio-8080-exec-1] Initializing Servlet 'dispatcherServlet'
2025-01-12 12:17:31,491 INFO o.s.w.s.FrameworkServlet {initServletBean} [http-nio-8080-exec-1] Completed initialization in 162 ms
2025-01-12 12:17:33,229 INFO c.s.a.c.BikeController {getAll} [http-nio-8080-exec-1] BEGIN getAll
2025-01-12 12:17:34,472 INFO c.s.a.c.BikeController {getAll} [http-nio-8080-exec-1] END getAll
2025-01-12 12:19:36,488 INFO c.s.a.c.BikeController {getAll} [http-nio-8080-exec-9] BEGIN getAll
2025-01-12 12:19:36,517 INFO c.s.a.c.BikeController {getAll} [http-nio-8080-exec-9] END getAll
2025-01-12 12:19:56,877 INFO c.s.a.c.BikeController {getAll} [http-nio-8080-exec-7] BEGIN getAll
2025-01-12 12:19:56,898 INFO c.s.a.c.BikeController {getAll} [http-nio-8080-exec-7] END getAll
2025-01-12 12:33:12,140 INFO o.h.v.i.u.Version {<clinit>} [background-preinit] HV000001: Hibernate Validator 8.0.1.Final
2025-01-12 12:33:12,296 INFO o.s.b.StartupInfoLogger {logStarting} [main] Starting HellospringApplication using Java 21 with PID 2056 (C:\Users\34618\Documents\2DAM Gdo. Superior\Acceso a datos 2DAM\hellospring\target\classes started by 34618 in C:\Users\34618\Documents\2DAM Gdo. Superior\Acceso a datos 2DAM\hellospring)
2025-01-12 12:33:12,299 INFO o.s.b.SpringApplication {logStartupProfileInfo} [main] No active profile set, falling back to 1 default profile: "default"
2025-01-12 12:33:14,268 INFO o.s.d.r.c.RepositoryConfigurationDelegate {registerRepositoriesIn} [main] Bootstrapping Spring Data JPA repositories in DEFAULT mode.
2025-01-12 12:33:14,412 INFO o.s.d.r.c.RepositoryConfigurationDelegate {registerRepositoriesIn} [main] Finished Spring Data repository scanning in 125 ms. Found 2 JPA repository interfaces.
2025-01-12 12:33:16,373 INFO o.s.b.w.e.t.TomcatWebServer {initialize} [main] Tomcat initialized with port 8080 (http)
2025-01-12 12:33:16,404 INFO o.a.j.l.DirectJDKLog {log} [main] Initializing ProtocolHandler ["http-nio-8080"]
2025-01-12 12:33:16,417 INFO o.a.j.l.DirectJDKLog {log} [main] Starting service [Tomcat]
2025-01-12 12:33:16,418 INFO o.a.j.l.DirectJDKLog {log} [main] Starting Servlet engine: [Apache Tomcat/10.1.31]
2025-01-12 12:33:16,624 INFO o.a.j.l.DirectJDKLog {log} [main] Initializing Spring embedded WebApplicationContext
2025-01-12 12:33:16,627 INFO o.s.b.w.s.c.ServletWebServerApplicationContext {prepareWebApplicationContext} [main] Root WebApplicationContext: initialization completed in 4208 ms
2025-01-12 12:33:16,717 INFO c.z.h.HikariDataSource {getConnection} [main] HikariPool-1 - Starting...
2025-01-12 12:33:17,488 INFO c.z.h.p.HikariPool {checkFailFast} [main] HikariPool-1 - Added connection conn0: url=jdbc:h2:file:C:/Users/34618/bikes.db user=SA
2025-01-12 12:33:17,494 INFO c.z.h.HikariDataSource {getConnection} [main] HikariPool-1 - Start completed.
2025-01-12 12:33:17,519 INFO o.s.b.a.h.H2ConsoleAutoConfiguration {logDataSources} [main] H2 console available at '/h2-console'. Database available at 'jdbc:h2:file:C:/Users/34618/bikes.db'
2025-01-12 12:33:17,956 INFO o.h.j.i.u.LogHelper {logPersistenceUnitInformation} [main] HHH000204: Processing PersistenceUnitInfo [name: default]
2025-01-12 12:33:18,215 INFO o.h.Version {logVersion} [main] HHH000412: Hibernate ORM core version 6.5.3.Final
2025-01-12 12:33:18,356 INFO o.h.c.i.RegionFactoryInitiator {initiateService} [main] HHH000026: Second-level cache disabled
2025-01-12 12:33:19,454 INFO o.s.o.j.p.SpringPersistenceUnitInfo {addTransformer} [main] No LoadTimeWeaver setup: ignoring JPA class transformer
2025-01-12 12:33:19,598 WARN o.h.e.j.d.i.DialectFactoryImpl {constructDialect} [main] HHH90000025: H2Dialect does not need to be specified explicitly using 'hibernate.dialect' (remove the property setting and it will be selected by default)
2025-01-12 12:33:23,374 INFO o.h.e.t.j.p.i.JtaPlatformInitiator {initiateService} [main] HHH000489: No JTA platform available (set 'hibernate.transaction.jta.platform' to enable JTA platform integration)
2025-01-12 12:33:23,675 INFO o.s.o.j.AbstractEntityManagerFactoryBean {buildNativeEntityManagerFactory} [main] Initialized JPA EntityManagerFactory for persistence unit 'default'
2025-01-12 12:33:24,781 INFO o.s.d.j.r.q.QueryEnhancerFactory {<clinit>} [main] Hibernate is in classpath; If applicable, HQL parser will be used.
2025-01-12 12:33:26,275 WARN o.s.b.a.o.j.JpaBaseConfiguration$JpaWebConfiguration {openEntityManagerInViewInterceptor} [main] spring.jpa.open-in-view is enabled by default. Therefore, database queries may be performed during view rendering. Explicitly configure spring.jpa.open-in-view to disable this warning
2025-01-12 12:33:27,759 INFO o.a.j.l.DirectJDKLog {log} [main] Starting ProtocolHandler ["http-nio-8080"]
2025-01-12 12:33:27,858 INFO o.s.b.w.e.t.TomcatWebServer {start} [main] Tomcat started on port 8080 (http) with context path '/'
2025-01-12 12:33:27,885 INFO o.s.b.StartupInfoLogger {logStarted} [main] Started HellospringApplication in 17.473 seconds (process running for 20.13)
2025-01-12 12:34:04,337 INFO o.a.j.l.DirectJDKLog {log} [http-nio-8080-exec-1] Initializing Spring DispatcherServlet 'dispatcherServlet'
2025-01-12 12:34:04,340 INFO o.s.w.s.FrameworkServlet {initServletBean} [http-nio-8080-exec-1] Initializing Servlet 'dispatcherServlet'
2025-01-12 12:34:04,354 INFO o.s.w.s.FrameworkServlet {initServletBean} [http-nio-8080-exec-1] Completed initialization in 13 ms
2025-01-12 12:34:04,553 INFO c.s.a.c.BikeController {getAll} [http-nio-8080-exec-1] BEGIN getAll
2025-01-12 12:34:04,974 INFO c.s.a.c.BikeController {getAll} [http-nio-8080-exec-1] END getAll
2025-01-12 12:35:13,481 INFO c.s.a.c.BikeController {getAll} [http-nio-8080-exec-3] BEGIN getAll
2025-01-12 12:35:13,508 INFO c.s.a.c.BikeController {getAll} [http-nio-8080-exec-3] END getAll
2025-01-12 12:35:48,242 INFO c.s.a.c.BikeController {getAll} [http-nio-8080-exec-5] BEGIN getAll
2025-01-12 12:35:48,257 INFO c.s.a.c.BikeController {getAll} [http-nio-8080-exec-5] END getAll
2025-01-12 12:36:14,031 INFO c.s.a.c.BikeController {getAll} [http-nio-8080-exec-7] BEGIN getAll
2025-01-12 12:36:14,047 INFO c.s.a.c.BikeController {getAll} [http-nio-8080-exec-7] END getAll
2025-01-12 12:44:07,609 INFO c.s.a.c.BikeController {getAll} [http-nio-8080-exec-9] BEGIN getAll
2025-01-12 12:44:07,763 INFO c.s.a.c.BikeController {getAll} [http-nio-8080-exec-9] END getAll
2025-01-12 12:46:45,066 INFO c.s.a.c.BikeController {getAll} [http-nio-8080-exec-1] BEGIN getAll
2025-01-12 12:46:45,179 INFO c.s.a.c.BikeController {getAll} [http-nio-8080-exec-1] END getAll
2025-01-12 13:17:18,829 INFO c.s.a.c.BikeController {getAll} [http-nio-8080-exec-3] BEGIN getAll
2025-01-12 13:17:19,935 INFO c.s.a.c.BikeController {getAll} [http-nio-8080-exec-3] END getAll
2025-01-12 13:18:16,856 INFO c.s.a.c.BikeController {getAll} [http-nio-8080-exec-5] BEGIN getAll
2025-01-12 13:18:16,884 INFO c.s.a.c.BikeController {getAll} [http-nio-8080-exec-5] END getAll
2025-01-12 13:22:52,526 INFO c.s.a.c.BikeController {getAll} [http-nio-8080-exec-7] BEGIN getAll
2025-01-12 13:22:52,785 INFO c.s.a.c.BikeController {getAll} [http-nio-8080-exec-7] END getAll
2025-01-12 13:38:48,868 INFO c.s.a.c.BikeController {getAll} [http-nio-8080-exec-9] BEGIN getAll
2025-01-12 13:38:49,450 INFO c.s.a.c.BikeController {getAll} [http-nio-8080-exec-9] END getAll
2025-01-12 13:40:08,561 INFO c.s.a.c.BikeController {getAll} [http-nio-8080-exec-1] BEGIN getAll
2025-01-12 13:40:08,581 INFO c.s.a.c.BikeController {getAll} [http-nio-8080-exec-1] END getAll
2025-01-12 13:43:54,905 INFO c.s.a.c.BikeController {getAll} [http-nio-8080-exec-3] BEGIN getAll
2025-01-12 13:43:54,915 INFO c.s.a.c.BikeController {getAll} [http-nio-8080-exec-3] END getAll
2025-01-12 13:48:44,455 INFO o.h.v.i.u.Version {<clinit>} [background-preinit] HV000001: Hibernate Validator 8.0.1.Final
2025-01-12 13:48:44,547 INFO o.s.b.StartupInfoLogger {logStarting} [main] Starting HellospringApplication using Java 21 with PID 5668 (C:\Users\34618\Documents\2DAM Gdo. Superior\Acceso a datos 2DAM\hellospring\target\classes started by 34618 in C:\Users\34618\Documents\2DAM Gdo. Superior\Acceso a datos 2DAM\hellospring)
2025-01-12 13:48:44,548 INFO o.s.b.SpringApplication {logStartupProfileInfo} [main] No active profile set, falling back to 1 default profile: "default"
2025-01-12 13:48:45,354 INFO o.s.d.r.c.RepositoryConfigurationDelegate {registerRepositoriesIn} [main] Bootstrapping Spring Data JPA repositories in DEFAULT mode.
2025-01-12 13:48:45,425 INFO o.s.d.r.c.RepositoryConfigurationDelegate {registerRepositoriesIn} [main] Finished Spring Data repository scanning in 61 ms. Found 2 JPA repository interfaces.
2025-01-12 13:48:46,088 INFO o.s.b.w.e.t.TomcatWebServer {initialize} [main] Tomcat initialized with port 8080 (http)
2025-01-12 13:48:46,103 INFO o.a.j.l.DirectJDKLog {log} [main] Initializing ProtocolHandler ["http-nio-8080"]
2025-01-12 13:48:46,109 INFO o.a.j.l.DirectJDKLog {log} [main] Starting service [Tomcat]
2025-01-12 13:48:46,110 INFO o.a.j.l.DirectJDKLog {log} [main] Starting Servlet engine: [Apache Tomcat/10.1.31]
2025-01-12 13:48:46,202 INFO o.a.j.l.DirectJDKLog {log} [main] Initializing Spring embedded WebApplicationContext
2025-01-12 13:48:46,203 INFO o.s.b.w.s.c.ServletWebServerApplicationContext {prepareWebApplicationContext} [main] Root WebApplicationContext: initialization completed in 1586 ms
2025-01-12 13:48:46,237 INFO c.z.h.HikariDataSource {getConnection} [main] HikariPool-1 - Starting...
2025-01-12 13:48:46,506 INFO c.z.h.p.HikariPool {checkFailFast} [main] HikariPool-1 - Added connection conn0: url=jdbc:h2:file:C:/Users/34618/bikes.db user=SA
2025-01-12 13:48:46,508 INFO c.z.h.HikariDataSource {getConnection} [main] HikariPool-1 - Start completed.
2025-01-12 13:48:46,519 INFO o.s.b.a.h.H2ConsoleAutoConfiguration {logDataSources} [main] H2 console available at '/h2-console'. Database available at 'jdbc:h2:file:C:/Users/34618/bikes.db'
2025-01-12 13:48:46,699 INFO o.h.j.i.u.LogHelper {logPersistenceUnitInformation} [main] HHH000204: Processing PersistenceUnitInfo [name: default]
2025-01-12 13:48:46,839 INFO o.h.Version {logVersion} [main] HHH000412: Hibernate ORM core version 6.5.3.Final
2025-01-12 13:48:46,890 INFO o.h.c.i.RegionFactoryInitiator {initiateService} [main] HHH000026: Second-level cache disabled
2025-01-12 13:48:47,296 INFO o.s.o.j.p.SpringPersistenceUnitInfo {addTransformer} [main] No LoadTimeWeaver setup: ignoring JPA class transformer
2025-01-12 13:48:47,362 WARN o.h.e.j.d.i.DialectFactoryImpl {constructDialect} [main] HHH90000025: H2Dialect does not need to be specified explicitly using 'hibernate.dialect' (remove the property setting and it will be selected by default)
2025-01-12 13:48:48,494 INFO o.h.e.t.j.p.i.JtaPlatformInitiator {initiateService} [main] HHH000489: No JTA platform available (set 'hibernate.transaction.jta.platform' to enable JTA platform integration)
2025-01-12 13:48:48,559 INFO o.s.o.j.AbstractEntityManagerFactoryBean {buildNativeEntityManagerFactory} [main] Initialized JPA EntityManagerFactory for persistence unit 'default'
2025-01-12 13:48:48,947 INFO o.s.d.j.r.q.QueryEnhancerFactory {<clinit>} [main] Hibernate is in classpath; If applicable, HQL parser will be used.
2025-01-12 13:48:49,466 WARN o.s.b.a.o.j.JpaBaseConfiguration$JpaWebConfiguration {openEntityManagerInViewInterceptor} [main] spring.jpa.open-in-view is enabled by default. Therefore, database queries may be performed during view rendering. Explicitly configure spring.jpa.open-in-view to disable this warning
2025-01-12 13:48:49,865 INFO o.a.j.l.DirectJDKLog {log} [main] Starting ProtocolHandler ["http-nio-8080"]
2025-01-12 13:48:49,908 INFO o.s.b.w.e.t.TomcatWebServer {start} [main] Tomcat started on port 8080 (http) with context path '/'
2025-01-12 13:48:49,918 INFO o.s.b.StartupInfoLogger {logStarted} [main] Started HellospringApplication in 6.071 seconds (process running for 6.555)
2025-01-12 18:34:31,249 WARN c.z.h.p.HikariPool$HouseKeeper {run} [HikariPool-1 housekeeper] HikariPool-1 - Thread starvation or clock leap detected (housekeeper delta=4h11m23s327ms362µs900ns).
2025-01-12 18:56:50,398 INFO o.h.v.i.u.Version {<clinit>} [background-preinit] HV000001: Hibernate Validator 8.0.1.Final
2025-01-12 18:56:50,531 INFO o.s.b.StartupInfoLogger {logStarting} [main] Starting HellospringApplication using Java 21 with PID 12388 (C:\Users\34618\Documents\2DAM Gdo. Superior\Acceso a datos 2DAM\hellospring\target\classes started by 34618 in C:\Users\34618\Documents\2DAM Gdo. Superior\Acceso a datos 2DAM\hellospring)
2025-01-12 18:56:50,531 INFO o.s.b.SpringApplication {logStartupProfileInfo} [main] No active profile set, falling back to 1 default profile: "default"
2025-01-12 18:56:52,177 INFO o.s.d.r.c.RepositoryConfigurationDelegate {registerRepositoriesIn} [main] Bootstrapping Spring Data JPA repositories in DEFAULT mode.
2025-01-12 18:56:52,282 INFO o.s.d.r.c.RepositoryConfigurationDelegate {registerRepositoriesIn} [main] Finished Spring Data repository scanning in 84 ms. Found 2 JPA repository interfaces.
2025-01-12 18:56:53,445 INFO o.s.b.w.e.t.TomcatWebServer {initialize} [main] Tomcat initialized with port 8080 (http)
2025-01-12 18:56:53,478 INFO o.a.j.l.DirectJDKLog {log} [main] Initializing ProtocolHandler ["http-nio-8080"]
2025-01-12 18:56:53,494 INFO o.a.j.l.DirectJDKLog {log} [main] Starting service [Tomcat]
2025-01-12 18:56:53,494 INFO o.a.j.l.DirectJDKLog {log} [main] Starting Servlet engine: [Apache Tomcat/10.1.31]
2025-01-12 18:56:53,689 INFO o.a.j.l.DirectJDKLog {log} [main] Initializing Spring embedded WebApplicationContext
2025-01-12 18:56:53,689 INFO o.s.b.w.s.c.ServletWebServerApplicationContext {prepareWebApplicationContext} [main] Root WebApplicationContext: initialization completed in 3069 ms
2025-01-12 18:56:53,770 INFO c.z.h.HikariDataSource {getConnection} [main] HikariPool-1 - Starting...
2025-01-12 18:56:54,231 INFO c.z.h.p.HikariPool {checkFailFast} [main] HikariPool-1 - Added connection conn0: url=jdbc:h2:file:C:/Users/34618/bikes.db user=SA
2025-01-12 18:56:54,239 INFO c.z.h.HikariDataSource {getConnection} [main] HikariPool-1 - Start completed.
2025-01-12 18:56:54,271 INFO o.s.b.a.h.H2ConsoleAutoConfiguration {logDataSources} [main] H2 console available at '/h2-console'. Database available at 'jdbc:h2:file:C:/Users/34618/bikes.db'
2025-01-12 18:56:54,506 INFO o.h.j.i.u.LogHelper {logPersistenceUnitInformation} [main] HHH000204: Processing PersistenceUnitInfo [name: default]
2025-01-12 18:56:54,671 INFO o.h.Version {logVersion} [main] HHH000412: Hibernate ORM core version 6.5.3.Final
2025-01-12 18:56:54,768 INFO o.h.c.i.RegionFactoryInitiator {initiateService} [main] HHH000026: Second-level cache disabled
2025-01-12 18:56:55,462 INFO o.s.o.j.p.SpringPersistenceUnitInfo {addTransformer} [main] No LoadTimeWeaver setup: ignoring JPA class transformer
2025-01-12 18:56:55,591 WARN o.h.e.j.d.i.DialectFactoryImpl {constructDialect} [main] HHH90000025: H2Dialect does not need to be specified explicitly using 'hibernate.dialect' (remove the property setting and it will be selected by default)
2025-01-12 18:56:57,514 INFO o.h.e.t.j.p.i.JtaPlatformInitiator {initiateService} [main] HHH000489: No JTA platform available (set 'hibernate.transaction.jta.platform' to enable JTA platform integration)
2025-01-12 18:56:57,595 INFO o.s.o.j.AbstractEntityManagerFactoryBean {buildNativeEntityManagerFactory} [main] Initialized JPA EntityManagerFactory for persistence unit 'default'
2025-01-12 18:56:58,136 INFO o.s.d.j.r.q.QueryEnhancerFactory {<clinit>} [main] Hibernate is in classpath; If applicable, HQL parser will be used.
2025-01-12 18:56:58,918 WARN o.s.b.a.o.j.JpaBaseConfiguration$JpaWebConfiguration {openEntityManagerInViewInterceptor} [main] spring.jpa.open-in-view is enabled by default. Therefore, database queries may be performed during view rendering. Explicitly configure spring.jpa.open-in-view to disable this warning
2025-01-12 18:56:59,427 INFO o.a.j.l.DirectJDKLog {log} [main] Starting ProtocolHandler ["http-nio-8080"]
2025-01-12 18:56:59,484 INFO o.s.b.w.e.t.TomcatWebServer {start} [main] Tomcat started on port 8080 (http) with context path '/'
2025-01-12 18:56:59,492 INFO o.s.b.StartupInfoLogger {logStarted} [main] Started HellospringApplication in 9.955 seconds (process running for 11.068)
2025-01-12 18:57:06,328 INFO o.a.j.l.DirectJDKLog {log} [http-nio-8080-exec-1] Initializing Spring DispatcherServlet 'dispatcherServlet'
2025-01-12 18:57:06,328 INFO o.s.w.s.FrameworkServlet {initServletBean} [http-nio-8080-exec-1] Initializing Servlet 'dispatcherServlet'
2025-01-12 18:57:06,336 INFO o.s.w.s.FrameworkServlet {initServletBean} [http-nio-8080-exec-1] Completed initialization in 0 ms
2025-01-12 18:57:06,565 INFO c.s.a.c.BikeController {getAll} [http-nio-8080-exec-1] BEGIN getAll
2025-01-12 18:57:06,888 INFO c.s.a.c.BikeController {getAll} [http-nio-8080-exec-1] END getAll
2025-01-12 18:57:13,731 INFO c.s.a.c.BikeController {getAll} [http-nio-8080-exec-7] BEGIN getAll
2025-01-12 18:57:13,826 INFO c.s.a.c.BikeController {getAll} [http-nio-8080-exec-7] END getAll
2025-01-12 19:12:28,106 INFO o.h.v.i.u.Version {<clinit>} [background-preinit] HV000001: Hibernate Validator 8.0.1.Final
2025-01-12 19:12:28,376 INFO o.s.b.StartupInfoLogger {logStarting} [main] Starting HellospringApplication using Java 21 with PID 3024 (C:\Users\34618\Documents\2DAM Gdo. Superior\Acceso a datos 2DAM\hellospring\target\classes started by 34618 in C:\Users\34618\Documents\2DAM Gdo. Superior\Acceso a datos 2DAM\hellospring)
2025-01-12 19:12:28,385 INFO o.s.b.SpringApplication {logStartupProfileInfo} [main] No active profile set, falling back to 1 default profile: "default"
2025-01-12 19:12:30,522 INFO o.s.d.r.c.RepositoryConfigurationDelegate {registerRepositoriesIn} [main] Bootstrapping Spring Data JPA repositories in DEFAULT mode.
2025-01-12 19:12:30,764 INFO o.s.d.r.c.RepositoryConfigurationDelegate {registerRepositoriesIn} [main] Finished Spring Data repository scanning in 212 ms. Found 2 JPA repository interfaces.
2025-01-12 19:12:32,120 INFO o.s.b.w.e.t.TomcatWebServer {initialize} [main] Tomcat initialized with port 8080 (http)
2025-01-12 19:12:32,155 INFO o.a.j.l.DirectJDKLog {log} [main] Initializing ProtocolHandler ["http-nio-8080"]
2025-01-12 19:12:32,172 INFO o.a.j.l.DirectJDKLog {log} [main] Starting service [Tomcat]
2025-01-12 19:12:32,180 INFO o.a.j.l.DirectJDKLog {log} [main] Starting Servlet engine: [Apache Tomcat/10.1.31]
2025-01-12 19:12:32,339 INFO o.a.j.l.DirectJDKLog {log} [main] Initializing Spring embedded WebApplicationContext
2025-01-12 19:12:32,339 INFO o.s.b.w.s.c.ServletWebServerApplicationContext {prepareWebApplicationContext} [main] Root WebApplicationContext: initialization completed in 3793 ms
2025-01-12 19:12:32,419 INFO c.z.h.HikariDataSource {getConnection} [main] HikariPool-1 - Starting...
2025-01-12 19:12:32,986 INFO c.z.h.p.HikariPool {checkFailFast} [main] HikariPool-1 - Added connection conn0: url=jdbc:h2:file:C:/Users/34618/bikes.db user=SA
2025-01-12 19:12:32,996 INFO c.z.h.HikariDataSource {getConnection} [main] HikariPool-1 - Start completed.
2025-01-12 19:12:33,029 INFO o.s.b.a.h.H2ConsoleAutoConfiguration {logDataSources} [main] H2 console available at '/h2-console'. Database available at 'jdbc:h2:file:C:/Users/34618/bikes.db'
2025-01-12 19:12:33,569 INFO o.h.j.i.u.LogHelper {logPersistenceUnitInformation} [main] HHH000204: Processing PersistenceUnitInfo [name: default]
2025-01-12 19:12:33,825 INFO o.h.Version {logVersion} [main] HHH000412: Hibernate ORM core version 6.5.3.Final
2025-01-12 19:12:34,003 INFO o.h.c.i.RegionFactoryInitiator {initiateService} [main] HHH000026: Second-level cache disabled
2025-01-12 19:12:35,490 INFO o.s.o.j.p.SpringPersistenceUnitInfo {addTransformer} [main] No LoadTimeWeaver setup: ignoring JPA class transformer
2025-01-12 19:12:35,757 WARN o.h.e.j.d.i.DialectFactoryImpl {constructDialect} [main] HHH90000025: H2Dialect does not need to be specified explicitly using 'hibernate.dialect' (remove the property setting and it will be selected by default)
2025-01-12 19:12:39,389 INFO o.h.e.t.j.p.i.JtaPlatformInitiator {initiateService} [main] HHH000489: No JTA platform available (set 'hibernate.transaction.jta.platform' to enable JTA platform integration)
2025-01-12 19:12:39,546 INFO o.s.o.j.AbstractEntityManagerFactoryBean {buildNativeEntityManagerFactory} [main] Initialized JPA EntityManagerFactory for persistence unit 'default'
2025-01-12 19:12:41,021 INFO o.s.d.j.r.q.QueryEnhancerFactory {<clinit>} [main] Hibernate is in classpath; If applicable, HQL parser will be used.
2025-01-12 19:12:42,618 WARN o.s.b.a.o.j.JpaBaseConfiguration$JpaWebConfiguration {openEntityManagerInViewInterceptor} [main] spring.jpa.open-in-view is enabled by default. Therefore, database queries may be performed during view rendering. Explicitly configure spring.jpa.open-in-view to disable this warning
2025-01-12 19:12:43,626 INFO o.a.j.l.DirectJDKLog {log} [main] Starting ProtocolHandler ["http-nio-8080"]
2025-01-12 19:12:43,700 INFO o.s.b.w.e.t.TomcatWebServer {start} [main] Tomcat started on port 8080 (http) with context path '/'
2025-01-12 19:12:43,749 INFO o.s.b.StartupInfoLogger {logStarted} [main] Started HellospringApplication in 18.246 seconds (process running for 19.262)
2025-01-12 19:18:10,107 INFO o.a.j.l.DirectJDKLog {log} [http-nio-8080-exec-1] Initializing Spring DispatcherServlet 'dispatcherServlet'
2025-01-12 19:18:10,125 INFO o.s.w.s.FrameworkServlet {initServletBean} [http-nio-8080-exec-1] Initializing Servlet 'dispatcherServlet'
2025-01-12 19:18:10,211 INFO o.s.w.s.FrameworkServlet {initServletBean} [http-nio-8080-exec-1] Completed initialization in 84 ms
2025-01-12 19:18:10,609 INFO c.s.a.c.BikeController {getAll} [http-nio-8080-exec-1] BEGIN getAll
2025-01-12 19:18:11,656 INFO c.s.a.c.BikeController {getAll} [http-nio-8080-exec-1] END getAll
2025-01-12 19:18:32,552 INFO c.s.a.c.BikeController {getAll} [http-nio-8080-exec-3] BEGIN getAll
2025-01-12 19:18:32,575 INFO c.s.a.c.BikeController {getAll} [http-nio-8080-exec-3] END getAll
2025-01-12 19:23:04,452 INFO c.s.a.c.BikeController {getAll} [http-nio-8080-exec-7] BEGIN getAll
2025-01-12 19:23:04,748 INFO c.s.a.c.BikeController {getAll} [http-nio-8080-exec-7] END getAll
2025-01-12 19:29:16,725 INFO c.s.a.c.BikeController {getAll} [http-nio-8080-exec-9] BEGIN getAll
2025-01-12 19:29:16,925 INFO c.s.a.c.BikeController {getAll} [http-nio-8080-exec-9] END getAll
2025-01-12 19:30:34,024 INFO c.s.a.c.BikeController {addBike} [http-nio-8080-exec-1] BEGIN addBike
2025-01-12 19:30:34,697 INFO c.s.a.c.BikeController {addBike} [http-nio-8080-exec-1] END addBike
2025-01-12 19:30:56,265 INFO c.s.a.c.BikeController {getAll} [http-nio-8080-exec-3] BEGIN getAll
2025-01-12 19:30:56,293 INFO c.s.a.c.BikeController {getAll} [http-nio-8080-exec-3] END getAll
2025-01-12 19:35:45,051 INFO c.s.a.c.BikeController {getAll} [http-nio-8080-exec-5] BEGIN getAll
2025-01-12 19:35:45,189 INFO c.s.a.c.BikeController {getAll} [http-nio-8080-exec-5] END getAll
2025-01-12 19:36:29,012 INFO c.s.a.c.BikeController {addBike} [http-nio-8080-exec-6] BEGIN addBike
2025-01-12 19:36:29,041 INFO c.s.a.c.BikeController {addBike} [http-nio-8080-exec-6] END addBike
2025-01-12 19:36:31,637 INFO c.s.a.c.BikeController {getAll} [http-nio-8080-exec-7] BEGIN getAll
2025-01-12 19:36:31,653 INFO c.s.a.c.BikeController {getAll} [http-nio-8080-exec-7] END getAll
2025-01-12 20:39:30,630 WARN c.z.h.p.HikariPool$HouseKeeper {run} [HikariPool-1 housekeeper] HikariPool-1 - Thread starvation or clock leap detected (housekeeper delta=15m34s796ms459µs600ns).
2025-01-12 20:53:28,698 INFO c.s.a.c.BikeController {getAll} [http-nio-8080-exec-1] BEGIN getAll
2025-01-12 20:53:29,491 INFO c.s.a.c.BikeController {getAll} [http-nio-8080-exec-1] END getAll
2025-01-12 21:31:43,640 INFO c.s.a.c.BikeController {getAll} [http-nio-8080-exec-4] BEGIN getAll
2025-01-12 21:31:44,073 INFO c.s.a.c.BikeController {getAll} [http-nio-8080-exec-4] END getAll
2025-01-12 21:32:03,166 INFO c.s.a.c.BikeController {getAll} [http-nio-8080-exec-2] BEGIN getAll
2025-01-12 21:32:03,352 INFO c.s.a.c.BikeController {getAll} [http-nio-8080-exec-2] END getAll
2025-01-12 21:32:09,766 INFO c.s.a.c.BikeController {getAll} [http-nio-8080-exec-5] BEGIN getAll
2025-01-12 21:32:09,794 INFO c.s.a.c.BikeController {getAll} [http-nio-8080-exec-5] END getAll
2025-01-12 21:32:13,411 INFO c.s.a.c.BikeController {getAll} [http-nio-8080-exec-6] BEGIN getAll
2025-01-12 21:32:13,417 INFO c.s.a.c.BikeController {getAll} [http-nio-8080-exec-6] END getAll
