2025-02-20 19:56:27,125 INFO o.h.v.i.u.Version {<clinit>} [background-preinit] HV000001: Hibernate Validator 8.0.1.Final
2025-02-20 19:56:27,296 INFO o.s.b.StartupInfoLogger {logStarting} [main] Starting HellospringApplication using Java 21 with PID 4784 (C:\Users\34618\Documents\2DAM Gdo. Superior\Acceso a datos 2DAM\hellospring\target\classes started by 34618 in C:\Users\34618\Documents\2DAM Gdo. Superior\Acceso a datos 2DAM\hellospring)
2025-02-20 19:56:27,296 INFO o.s.b.SpringApplication {logStartupProfileInfo} [main] No active profile set, falling back to 1 default profile: "default"
2025-02-20 19:56:29,190 INFO o.s.d.r.c.RepositoryConfigurationDelegate {registerRepositoriesIn} [main] Bootstrapping Spring Data JPA repositories in DEFAULT mode.
2025-02-20 19:56:29,351 INFO o.s.d.r.c.RepositoryConfigurationDelegate {registerRepositoriesIn} [main] Finished Spring Data repository scanning in 141 ms. Found 5 JPA repository interfaces.
2025-02-20 19:56:30,642 INFO o.s.b.w.e.t.TomcatWebServer {initialize} [main] Tomcat initialized with port 8080 (http)
2025-02-20 19:56:30,675 INFO o.a.j.l.DirectJDKLog {log} [main] Initializing ProtocolHandler ["http-nio-8080"]
2025-02-20 19:56:30,683 INFO o.a.j.l.DirectJDKLog {log} [main] Starting service [Tomcat]
2025-02-20 19:56:30,699 INFO o.a.j.l.DirectJDKLog {log} [main] Starting Servlet engine: [Apache Tomcat/10.1.31]
2025-02-20 19:56:30,844 INFO o.a.j.l.DirectJDKLog {log} [main] Initializing Spring embedded WebApplicationContext
2025-02-20 19:56:30,844 INFO o.s.b.w.s.c.ServletWebServerApplicationContext {prepareWebApplicationContext} [main] Root WebApplicationContext: initialization completed in 3355 ms
2025-02-20 19:56:30,916 INFO c.z.h.HikariDataSource {getConnection} [main] HikariPool-1 - Starting...
2025-02-20 19:56:31,507 INFO c.z.h.p.HikariPool {checkFailFast} [main] HikariPool-1 - Added connection conn0: url=jdbc:h2:file:C:/Users/34618/bikes.db user=SA
2025-02-20 19:56:31,518 INFO c.z.h.HikariDataSource {getConnection} [main] HikariPool-1 - Start completed.
2025-02-20 19:56:31,558 INFO o.s.b.a.h.H2ConsoleAutoConfiguration {logDataSources} [main] H2 console available at '/h2-console'. Database available at 'jdbc:h2:file:C:/Users/34618/bikes.db'
2025-02-20 19:56:32,076 INFO o.h.j.i.u.LogHelper {logPersistenceUnitInformation} [main] HHH000204: Processing PersistenceUnitInfo [name: default]
2025-02-20 19:56:32,266 INFO o.h.Version {logVersion} [main] HHH000412: Hibernate ORM core version 6.5.3.Final
2025-02-20 19:56:32,371 INFO o.h.c.i.RegionFactoryInitiator {initiateService} [main] HHH000026: Second-level cache disabled
2025-02-20 19:56:33,196 INFO o.s.o.j.p.SpringPersistenceUnitInfo {addTransformer} [main] No LoadTimeWeaver setup: ignoring JPA class transformer
2025-02-20 19:56:33,343 WARN o.h.e.j.d.i.DialectFactoryImpl {constructDialect} [main] HHH90000025: H2Dialect does not need to be specified explicitly using 'hibernate.dialect' (remove the property setting and it will be selected by default)
2025-02-20 19:56:35,886 INFO o.h.e.t.j.p.i.JtaPlatformInitiator {initiateService} [main] HHH000489: No JTA platform available (set 'hibernate.transaction.jta.platform' to enable JTA platform integration)
2025-02-20 19:56:36,024 INFO o.s.o.j.AbstractEntityManagerFactoryBean {buildNativeEntityManagerFactory} [main] Initialized JPA EntityManagerFactory for persistence unit 'default'
2025-02-20 19:56:36,766 INFO o.s.d.j.r.q.QueryEnhancerFactory {<clinit>} [main] Hibernate is in classpath; If applicable, HQL parser will be used.
2025-02-20 19:56:38,215 WARN o.s.b.a.o.j.JpaBaseConfiguration$JpaWebConfiguration {openEntityManagerInViewInterceptor} [main] spring.jpa.open-in-view is enabled by default. Therefore, database queries may be performed during view rendering. Explicitly configure spring.jpa.open-in-view to disable this warning
2025-02-20 19:56:38,935 INFO o.a.j.l.DirectJDKLog {log} [main] Starting ProtocolHandler ["http-nio-8080"]
2025-02-20 19:56:39,001 INFO o.s.b.w.e.t.TomcatWebServer {start} [main] Tomcat started on port 8080 (http) with context path '/'
2025-02-20 19:56:39,017 INFO o.s.b.StartupInfoLogger {logStarted} [main] Started HellospringApplication in 13.126 seconds (process running for 14.03)
2025-02-20 19:56:45,494 INFO o.a.j.l.DirectJDKLog {log} [http-nio-8080-exec-1] Initializing Spring DispatcherServlet 'dispatcherServlet'
2025-02-20 19:56:45,494 INFO o.s.w.s.FrameworkServlet {initServletBean} [http-nio-8080-exec-1] Initializing Servlet 'dispatcherServlet'
2025-02-20 19:56:45,502 INFO o.s.w.s.FrameworkServlet {initServletBean} [http-nio-8080-exec-1] Completed initialization in 8 ms
2025-02-20 19:56:45,649 INFO c.s.a.c.BikeController {filterBikes} [http-nio-8080-exec-1] Filtrando bicicletas con par치metros: brand=, model=, color=
2025-02-20 19:56:46,090 INFO c.s.a.c.BikeController {filterBikes} [http-nio-8080-exec-1] Operaci칩n completada: Se obtuvieron 9 bicicletas filtradas
2025-02-20 19:57:57,382 INFO c.s.a.c.BikeController {filterBikes} [http-nio-8080-exec-3] Filtrando bicicletas con par치metros: brand=, model=, color=
2025-02-20 19:57:57,414 INFO c.s.a.c.BikeController {filterBikes} [http-nio-8080-exec-3] Operaci칩n completada: Se obtuvieron 9 bicicletas filtradas
