2025-02-24 19:44:21,470 INFO o.h.v.i.u.Version {<clinit>} [background-preinit] HV000001: Hibernate Validator 8.0.1.Final
2025-02-24 19:44:21,666 INFO o.s.b.StartupInfoLogger {logStarting} [main] Starting HellospringApplication using Java 21 with PID 27448 (C:\Users\34618\Documents\2DAM Gdo. Superior\Acceso a datos 2DAM\hellospring\target\classes started by 34618 in C:\Users\34618\Documents\2DAM Gdo. Superior\Acceso a datos 2DAM\hellospring)
2025-02-24 19:44:21,668 INFO o.s.b.SpringApplication {logStartupProfileInfo} [main] No active profile set, falling back to 1 default profile: "default"
2025-02-24 19:44:24,160 INFO o.s.d.r.c.RepositoryConfigurationDelegate {registerRepositoriesIn} [main] Bootstrapping Spring Data JPA repositories in DEFAULT mode.
2025-02-24 19:44:24,730 INFO o.s.d.r.c.RepositoryConfigurationDelegate {registerRepositoriesIn} [main] Finished Spring Data repository scanning in 540 ms. Found 5 JPA repository interfaces.
2025-02-24 19:44:26,655 INFO o.s.b.w.e.t.TomcatWebServer {initialize} [main] Tomcat initialized with port 8080 (http)
2025-02-24 19:44:26,681 INFO o.a.j.l.DirectJDKLog {log} [main] Initializing ProtocolHandler ["http-nio-8080"]
2025-02-24 19:44:26,704 INFO o.a.j.l.DirectJDKLog {log} [main] Starting service [Tomcat]
2025-02-24 19:44:26,705 INFO o.a.j.l.DirectJDKLog {log} [main] Starting Servlet engine: [Apache Tomcat/10.1.31]
2025-02-24 19:44:26,919 INFO o.a.j.l.DirectJDKLog {log} [main] Initializing Spring embedded WebApplicationContext
2025-02-24 19:44:26,922 INFO o.s.b.w.s.c.ServletWebServerApplicationContext {prepareWebApplicationContext} [main] Root WebApplicationContext: initialization completed in 5149 ms
2025-02-24 19:44:27,013 INFO c.z.h.HikariDataSource {getConnection} [main] HikariPool-1 - Starting...
2025-02-24 19:44:27,958 INFO c.z.h.p.HikariPool {checkFailFast} [main] HikariPool-1 - Added connection conn0: url=jdbc:h2:file:C:/Users/34618/bikes.db user=SA
2025-02-24 19:44:27,965 INFO c.z.h.HikariDataSource {getConnection} [main] HikariPool-1 - Start completed.
2025-02-24 19:44:27,990 INFO o.s.b.a.h.H2ConsoleAutoConfiguration {logDataSources} [main] H2 console available at '/h2-console'. Database available at 'jdbc:h2:file:C:/Users/34618/bikes.db'
2025-02-24 19:44:28,412 INFO o.h.j.i.u.LogHelper {logPersistenceUnitInformation} [main] HHH000204: Processing PersistenceUnitInfo [name: default]
2025-02-24 19:44:28,706 INFO o.h.Version {logVersion} [main] HHH000412: Hibernate ORM core version 6.5.3.Final
2025-02-24 19:44:28,860 INFO o.h.c.i.RegionFactoryInitiator {initiateService} [main] HHH000026: Second-level cache disabled
2025-02-24 19:44:29,792 INFO o.s.o.j.p.SpringPersistenceUnitInfo {addTransformer} [main] No LoadTimeWeaver setup: ignoring JPA class transformer
2025-02-24 19:44:30,013 WARN o.h.e.j.d.i.DialectFactoryImpl {constructDialect} [main] HHH90000025: H2Dialect does not need to be specified explicitly using 'hibernate.dialect' (remove the property setting and it will be selected by default)
2025-02-24 19:44:32,722 INFO o.h.e.t.j.p.i.JtaPlatformInitiator {initiateService} [main] HHH000489: No JTA platform available (set 'hibernate.transaction.jta.platform' to enable JTA platform integration)
2025-02-24 19:44:32,811 INFO o.s.o.j.AbstractEntityManagerFactoryBean {buildNativeEntityManagerFactory} [main] Initialized JPA EntityManagerFactory for persistence unit 'default'
2025-02-24 19:44:33,595 INFO o.s.d.j.r.q.QueryEnhancerFactory {<clinit>} [main] Hibernate is in classpath; If applicable, HQL parser will be used.
2025-02-24 19:44:34,536 WARN o.s.b.a.o.j.JpaBaseConfiguration$JpaWebConfiguration {openEntityManagerInViewInterceptor} [main] spring.jpa.open-in-view is enabled by default. Therefore, database queries may be performed during view rendering. Explicitly configure spring.jpa.open-in-view to disable this warning
2025-02-24 19:44:35,301 INFO o.a.j.l.DirectJDKLog {log} [main] Starting ProtocolHandler ["http-nio-8080"]
2025-02-24 19:44:35,382 INFO o.s.b.w.e.t.TomcatWebServer {start} [main] Tomcat started on port 8080 (http) with context path '/'
2025-02-24 19:44:35,388 INFO o.s.b.StartupInfoLogger {logStarted} [main] Started HellospringApplication in 15.166 seconds (process running for 16.099)
2025-02-24 19:45:23,052 INFO o.a.j.l.DirectJDKLog {log} [http-nio-8080-exec-1] Initializing Spring DispatcherServlet 'dispatcherServlet'
2025-02-24 19:45:23,053 INFO o.s.w.s.FrameworkServlet {initServletBean} [http-nio-8080-exec-1] Initializing Servlet 'dispatcherServlet'
2025-02-24 19:45:23,055 INFO o.s.w.s.FrameworkServlet {initServletBean} [http-nio-8080-exec-1] Completed initialization in 1 ms
2025-02-24 19:45:23,157 INFO c.s.a.c.BikeController {filterBikes} [http-nio-8080-exec-1] Filtrando bicicletas con parámetros: brand=, model=, color=
2025-02-24 19:45:23,456 INFO c.s.a.c.BikeController {filterBikes} [http-nio-8080-exec-1] Operación completada: Se obtuvieron 9 bicicletas filtradas
