2025-01-20 03:04:31,979 INFO c.s.a.c.BikeController {getAll} [http-nio-8080-exec-7] BEGIN getAll
2025-01-20 03:04:33,066 INFO c.s.a.c.BikeController {getAll} [http-nio-8080-exec-7] END getAll
2025-01-20 03:05:26,725 INFO c.s.a.c.BikeController {getAll} [http-nio-8080-exec-10] BEGIN getAll
2025-01-20 03:05:26,747 INFO c.s.a.c.BikeController {getAll} [http-nio-8080-exec-10] END getAll
2025-01-20 03:07:40,453 INFO c.s.a.c.BikeController {getAll} [http-nio-8080-exec-5] BEGIN getAll
2025-01-20 03:07:40,647 INFO c.s.a.c.BikeController {getAll} [http-nio-8080-exec-5] END getAll
2025-01-20 03:09:07,142 INFO c.s.a.c.BikeController {getAll} [http-nio-8080-exec-9] BEGIN getAll
2025-01-20 03:09:07,270 INFO c.s.a.c.BikeController {getAll} [http-nio-8080-exec-9] END getAll
2025-01-20 03:10:27,011 INFO c.s.a.c.BikeController {getAll} [http-nio-8080-exec-8] BEGIN getAll
2025-01-20 03:10:27,021 INFO c.s.a.c.BikeController {getAll} [http-nio-8080-exec-8] END getAll
2025-01-20 03:11:22,371 INFO c.s.a.c.BikeController {getAll} [http-nio-8080-exec-7] BEGIN getAll
2025-01-20 03:11:22,380 INFO c.s.a.c.BikeController {getAll} [http-nio-8080-exec-7] END getAll
2025-01-20 03:15:11,225 INFO c.s.a.c.BikeController {getAll} [http-nio-8080-exec-10] BEGIN getAll
2025-01-20 03:15:11,270 INFO c.s.a.c.BikeController {getAll} [http-nio-8080-exec-10] END getAll
2025-01-20 19:26:49,791 INFO o.h.v.i.u.Version {<clinit>} [background-preinit] HV000001: Hibernate Validator 8.0.1.Final
2025-01-20 19:26:49,874 INFO o.s.b.StartupInfoLogger {logStarting} [main] Starting HellospringApplication using Java 21 with PID 8320 (C:\Users\34618\Documents\2DAM Gdo. Superior\Acceso a datos 2DAM\hellospring\target\classes started by 34618 in C:\Users\34618\Documents\2DAM Gdo. Superior\Acceso a datos 2DAM\hellospring)
2025-01-20 19:26:49,874 INFO o.s.b.SpringApplication {logStartupProfileInfo} [main] No active profile set, falling back to 1 default profile: "default"
2025-01-20 19:26:50,905 INFO o.s.d.r.c.RepositoryConfigurationDelegate {registerRepositoriesIn} [main] Bootstrapping Spring Data JPA repositories in DEFAULT mode.
2025-01-20 19:26:50,981 INFO o.s.d.r.c.RepositoryConfigurationDelegate {registerRepositoriesIn} [main] Finished Spring Data repository scanning in 76 ms. Found 5 JPA repository interfaces.
2025-01-20 19:26:51,673 INFO o.s.b.w.e.t.TomcatWebServer {initialize} [main] Tomcat initialized with port 8080 (http)
2025-01-20 19:26:51,689 INFO o.a.j.l.DirectJDKLog {log} [main] Initializing ProtocolHandler ["http-nio-8080"]
2025-01-20 19:26:51,704 INFO o.a.j.l.DirectJDKLog {log} [main] Starting service [Tomcat]
2025-01-20 19:26:51,704 INFO o.a.j.l.DirectJDKLog {log} [main] Starting Servlet engine: [Apache Tomcat/10.1.31]
2025-01-20 19:26:51,801 INFO o.a.j.l.DirectJDKLog {log} [main] Initializing Spring embedded WebApplicationContext
2025-01-20 19:26:51,802 INFO o.s.b.w.s.c.ServletWebServerApplicationContext {prepareWebApplicationContext} [main] Root WebApplicationContext: initialization completed in 1853 ms
2025-01-20 19:26:51,854 INFO c.z.h.HikariDataSource {getConnection} [main] HikariPool-1 - Starting...
2025-01-20 19:26:52,141 INFO c.z.h.p.HikariPool {checkFailFast} [main] HikariPool-1 - Added connection conn0: url=jdbc:h2:file:C:/Users/34618/bikes.db user=SA
2025-01-20 19:26:52,141 INFO c.z.h.HikariDataSource {getConnection} [main] HikariPool-1 - Start completed.
2025-01-20 19:26:52,157 INFO o.s.b.a.h.H2ConsoleAutoConfiguration {logDataSources} [main] H2 console available at '/h2-console'. Database available at 'jdbc:h2:file:C:/Users/34618/bikes.db'
2025-01-20 19:26:52,314 INFO o.h.j.i.u.LogHelper {logPersistenceUnitInformation} [main] HHH000204: Processing PersistenceUnitInfo [name: default]
2025-01-20 19:26:52,404 INFO o.h.Version {logVersion} [main] HHH000412: Hibernate ORM core version 6.5.3.Final
2025-01-20 19:26:52,451 INFO o.h.c.i.RegionFactoryInitiator {initiateService} [main] HHH000026: Second-level cache disabled
2025-01-20 19:26:53,415 INFO o.s.o.j.p.SpringPersistenceUnitInfo {addTransformer} [main] No LoadTimeWeaver setup: ignoring JPA class transformer
2025-01-20 19:26:53,523 WARN o.h.e.j.d.i.DialectFactoryImpl {constructDialect} [main] HHH90000025: H2Dialect does not need to be specified explicitly using 'hibernate.dialect' (remove the property setting and it will be selected by default)
2025-01-20 19:26:54,712 INFO o.h.e.t.j.p.i.JtaPlatformInitiator {initiateService} [main] HHH000489: No JTA platform available (set 'hibernate.transaction.jta.platform' to enable JTA platform integration)
2025-01-20 19:26:54,774 INFO o.s.o.j.AbstractEntityManagerFactoryBean {buildNativeEntityManagerFactory} [main] Initialized JPA EntityManagerFactory for persistence unit 'default'
2025-01-20 19:26:55,182 INFO o.s.d.j.r.q.QueryEnhancerFactory {<clinit>} [main] Hibernate is in classpath; If applicable, HQL parser will be used.
2025-01-20 19:26:55,789 WARN o.s.b.a.o.j.JpaBaseConfiguration$JpaWebConfiguration {openEntityManagerInViewInterceptor} [main] spring.jpa.open-in-view is enabled by default. Therefore, database queries may be performed during view rendering. Explicitly configure spring.jpa.open-in-view to disable this warning
2025-01-20 19:26:56,159 INFO o.a.j.l.DirectJDKLog {log} [main] Starting ProtocolHandler ["http-nio-8080"]
2025-01-20 19:26:56,190 INFO o.s.b.w.e.t.TomcatWebServer {start} [main] Tomcat started on port 8080 (http) with context path '/'
2025-01-20 19:26:56,206 INFO o.s.b.StartupInfoLogger {logStarted} [main] Started HellospringApplication in 7.181 seconds (process running for 7.909)
2025-01-20 19:27:20,032 INFO o.a.j.l.DirectJDKLog {log} [http-nio-8080-exec-1] Initializing Spring DispatcherServlet 'dispatcherServlet'
2025-01-20 19:27:20,032 INFO o.s.w.s.FrameworkServlet {initServletBean} [http-nio-8080-exec-1] Initializing Servlet 'dispatcherServlet'
2025-01-20 19:27:20,032 INFO o.s.w.s.FrameworkServlet {initServletBean} [http-nio-8080-exec-1] Completed initialization in 0 ms
2025-01-20 19:27:20,089 INFO c.s.a.c.BikeController {getAll} [http-nio-8080-exec-1] BEGIN getAll
2025-01-20 19:27:20,233 INFO c.s.a.c.BikeController {getAll} [http-nio-8080-exec-1] END getAll
2025-01-20 19:50:10,835 INFO c.s.a.c.BikeController {getAll} [http-nio-8080-exec-5] BEGIN getAll
2025-01-20 19:50:12,163 INFO c.s.a.c.BikeController {getAll} [http-nio-8080-exec-5] END getAll
2025-01-20 19:58:20,341 INFO c.s.a.c.MechanicController {getAll} [http-nio-8080-exec-7] BEGIN getAll
2025-01-20 19:58:20,441 INFO c.s.a.c.MechanicController {getAll} [http-nio-8080-exec-7] END getAll
2025-01-20 20:03:22,450 INFO c.s.a.c.BikeController {getAll} [http-nio-8080-exec-9] BEGIN getAll
2025-01-20 20:03:22,662 INFO c.s.a.c.BikeController {getAll} [http-nio-8080-exec-9] END getAll
2025-01-20 23:19:15,966 WARN c.z.h.p.HikariPool$HouseKeeper {run} [HikariPool-1 housekeeper] HikariPool-1 - Thread starvation or clock leap detected (housekeeper delta=1h33m21s130ms366µs900ns).
2025-01-20 23:33:11,355 INFO c.s.a.c.BikeController {getAll} [http-nio-8080-exec-1] BEGIN getAll
2025-01-20 23:33:12,829 INFO c.s.a.c.BikeController {getAll} [http-nio-8080-exec-1] END getAll
2025-01-20 23:37:25,789 INFO c.s.a.c.BikeController {getAll} [http-nio-8080-exec-2] BEGIN getAll
2025-01-20 23:37:25,819 INFO c.s.a.c.BikeController {getAll} [http-nio-8080-exec-2] END getAll
2025-01-20 23:37:26,558 INFO c.s.a.c.BikeController {addBike} [http-nio-8080-exec-3] BEGIN addBike
2025-01-20 23:37:26,808 INFO c.s.a.c.BikeController {addBike} [http-nio-8080-exec-3] END addBike
2025-01-20 23:37:57,080 INFO c.s.a.c.BikeController {getAll} [http-nio-8080-exec-5] BEGIN getAll
2025-01-20 23:37:57,125 INFO c.s.a.c.BikeController {getAll} [http-nio-8080-exec-5] END getAll
2025-01-20 23:41:11,064 INFO c.s.a.c.BikeController {addBike} [http-nio-8080-exec-10] BEGIN addBike
2025-01-20 23:41:11,095 INFO c.s.a.c.BikeController {getAll} [http-nio-8080-exec-1] BEGIN getAll
2025-01-20 23:41:11,140 INFO c.s.a.c.BikeController {addBike} [http-nio-8080-exec-10] END addBike
2025-01-20 23:41:11,141 INFO c.s.a.c.BikeController {getAll} [http-nio-8080-exec-1] END getAll
