2025-01-13 19:54:19,394 INFO o.h.v.i.u.Version {<clinit>} [background-preinit] HV000001: Hibernate Validator 8.0.1.Final
2025-01-13 19:54:19,544 INFO o.s.b.StartupInfoLogger {logStarting} [main] Starting HellospringApplication using Java 21 with PID 10324 (C:\Users\34618\Documents\2DAM Gdo. Superior\Acceso a datos 2DAM\hellospring\target\classes started by 34618 in C:\Users\34618\Documents\2DAM Gdo. Superior\Acceso a datos 2DAM\hellospring)
2025-01-13 19:54:19,544 INFO o.s.b.SpringApplication {logStartupProfileInfo} [main] No active profile set, falling back to 1 default profile: "default"
2025-01-13 19:54:21,510 INFO o.s.d.r.c.RepositoryConfigurationDelegate {registerRepositoriesIn} [main] Bootstrapping Spring Data JPA repositories in DEFAULT mode.
2025-01-13 19:54:21,657 INFO o.s.d.r.c.RepositoryConfigurationDelegate {registerRepositoriesIn} [main] Finished Spring Data repository scanning in 128 ms. Found 2 JPA repository interfaces.
2025-01-13 19:54:23,961 INFO o.s.b.w.e.t.TomcatWebServer {initialize} [main] Tomcat initialized with port 8080 (http)
2025-01-13 19:54:23,992 INFO o.a.j.l.DirectJDKLog {log} [main] Initializing ProtocolHandler ["http-nio-8080"]
2025-01-13 19:54:24,010 INFO o.a.j.l.DirectJDKLog {log} [main] Starting service [Tomcat]
2025-01-13 19:54:24,015 INFO o.a.j.l.DirectJDKLog {log} [main] Starting Servlet engine: [Apache Tomcat/10.1.31]
2025-01-13 19:54:24,230 INFO o.a.j.l.DirectJDKLog {log} [main] Initializing Spring embedded WebApplicationContext
2025-01-13 19:54:24,230 INFO o.s.b.w.s.c.ServletWebServerApplicationContext {prepareWebApplicationContext} [main] Root WebApplicationContext: initialization completed in 4537 ms
2025-01-13 19:54:24,312 INFO c.z.h.HikariDataSource {getConnection} [main] HikariPool-1 - Starting...
2025-01-13 19:54:25,310 INFO c.z.h.p.HikariPool {checkFailFast} [main] HikariPool-1 - Added connection conn0: url=jdbc:h2:file:C:/Users/34618/bikes.db user=SA
2025-01-13 19:54:25,310 INFO c.z.h.HikariDataSource {getConnection} [main] HikariPool-1 - Start completed.
2025-01-13 19:54:25,330 INFO o.s.b.a.h.H2ConsoleAutoConfiguration {logDataSources} [main] H2 console available at '/h2-console'. Database available at 'jdbc:h2:file:C:/Users/34618/bikes.db'
2025-01-13 19:54:25,660 INFO o.h.j.i.u.LogHelper {logPersistenceUnitInformation} [main] HHH000204: Processing PersistenceUnitInfo [name: default]
2025-01-13 19:54:25,841 INFO o.h.Version {logVersion} [main] HHH000412: Hibernate ORM core version 6.5.3.Final
2025-01-13 19:54:25,940 INFO o.h.c.i.RegionFactoryInitiator {initiateService} [main] HHH000026: Second-level cache disabled
2025-01-13 19:54:26,715 INFO o.s.o.j.p.SpringPersistenceUnitInfo {addTransformer} [main] No LoadTimeWeaver setup: ignoring JPA class transformer
2025-01-13 19:54:26,850 WARN o.h.e.j.d.i.DialectFactoryImpl {constructDialect} [main] HHH90000025: H2Dialect does not need to be specified explicitly using 'hibernate.dialect' (remove the property setting and it will be selected by default)
2025-01-13 19:54:28,890 INFO o.h.e.t.j.p.i.JtaPlatformInitiator {initiateService} [main] HHH000489: No JTA platform available (set 'hibernate.transaction.jta.platform' to enable JTA platform integration)
2025-01-13 19:54:29,000 INFO o.s.o.j.AbstractEntityManagerFactoryBean {buildNativeEntityManagerFactory} [main] Initialized JPA EntityManagerFactory for persistence unit 'default'
2025-01-13 19:54:29,621 INFO o.s.d.j.r.q.QueryEnhancerFactory {<clinit>} [main] Hibernate is in classpath; If applicable, HQL parser will be used.
2025-01-13 19:54:30,430 WARN o.s.b.a.o.j.JpaBaseConfiguration$JpaWebConfiguration {openEntityManagerInViewInterceptor} [main] spring.jpa.open-in-view is enabled by default. Therefore, database queries may be performed during view rendering. Explicitly configure spring.jpa.open-in-view to disable this warning
2025-01-13 19:54:31,072 INFO o.a.j.l.DirectJDKLog {log} [main] Starting ProtocolHandler ["http-nio-8080"]
2025-01-13 19:54:31,121 INFO o.s.b.w.e.t.TomcatWebServer {start} [main] Tomcat started on port 8080 (http) with context path '/'
2025-01-13 19:54:31,137 INFO o.s.b.StartupInfoLogger {logStarted} [main] Started HellospringApplication in 13.413 seconds (process running for 14.094)
2025-01-13 23:17:24,627 INFO o.h.v.i.u.Version {<clinit>} [background-preinit] HV000001: Hibernate Validator 8.0.1.Final
2025-01-13 23:17:24,728 INFO o.s.b.StartupInfoLogger {logStarting} [main] Starting HellospringApplication using Java 21 with PID 2864 (C:\Users\34618\Documents\2DAM Gdo. Superior\Acceso a datos 2DAM\hellospring\target\classes started by 34618 in C:\Users\34618\Documents\2DAM Gdo. Superior\Acceso a datos 2DAM\hellospring)
2025-01-13 23:17:24,728 INFO o.s.b.SpringApplication {logStartupProfileInfo} [main] No active profile set, falling back to 1 default profile: "default"
2025-01-13 23:17:26,370 INFO o.s.d.r.c.RepositoryConfigurationDelegate {registerRepositoriesIn} [main] Bootstrapping Spring Data JPA repositories in DEFAULT mode.
2025-01-13 23:17:26,539 INFO o.s.d.r.c.RepositoryConfigurationDelegate {registerRepositoriesIn} [main] Finished Spring Data repository scanning in 149 ms. Found 2 JPA repository interfaces.
2025-01-13 23:17:28,225 INFO o.s.b.w.e.t.TomcatWebServer {initialize} [main] Tomcat initialized with port 8080 (http)
2025-01-13 23:17:28,241 INFO o.a.j.l.DirectJDKLog {log} [main] Initializing ProtocolHandler ["http-nio-8080"]
2025-01-13 23:17:28,256 INFO o.a.j.l.DirectJDKLog {log} [main] Starting service [Tomcat]
2025-01-13 23:17:28,256 INFO o.a.j.l.DirectJDKLog {log} [main] Starting Servlet engine: [Apache Tomcat/10.1.31]
2025-01-13 23:17:28,381 INFO o.a.j.l.DirectJDKLog {log} [main] Initializing Spring embedded WebApplicationContext
2025-01-13 23:17:28,381 INFO o.s.b.w.s.c.ServletWebServerApplicationContext {prepareWebApplicationContext} [main] Root WebApplicationContext: initialization completed in 3536 ms
2025-01-13 23:17:28,475 INFO c.z.h.HikariDataSource {getConnection} [main] HikariPool-1 - Starting...
2025-01-13 23:17:29,528 INFO c.z.h.p.HikariPool {checkFailFast} [main] HikariPool-1 - Added connection conn0: url=jdbc:h2:file:C:/Users/34618/bikes.db user=SA
2025-01-13 23:17:29,528 INFO c.z.h.HikariDataSource {getConnection} [main] HikariPool-1 - Start completed.
2025-01-13 23:17:29,554 INFO o.s.b.a.h.H2ConsoleAutoConfiguration {logDataSources} [main] H2 console available at '/h2-console'. Database available at 'jdbc:h2:file:C:/Users/34618/bikes.db'
2025-01-13 23:17:30,429 INFO o.h.j.i.u.LogHelper {logPersistenceUnitInformation} [main] HHH000204: Processing PersistenceUnitInfo [name: default]
2025-01-13 23:17:30,648 INFO o.h.Version {logVersion} [main] HHH000412: Hibernate ORM core version 6.5.3.Final
2025-01-13 23:17:30,735 INFO o.h.c.i.RegionFactoryInitiator {initiateService} [main] HHH000026: Second-level cache disabled
2025-01-13 23:17:31,580 INFO o.s.o.j.p.SpringPersistenceUnitInfo {addTransformer} [main] No LoadTimeWeaver setup: ignoring JPA class transformer
2025-01-13 23:17:31,689 WARN o.h.e.j.d.i.DialectFactoryImpl {constructDialect} [main] HHH90000025: H2Dialect does not need to be specified explicitly using 'hibernate.dialect' (remove the property setting and it will be selected by default)
2025-01-13 23:17:33,989 INFO o.h.e.t.j.p.i.JtaPlatformInitiator {initiateService} [main] HHH000489: No JTA platform available (set 'hibernate.transaction.jta.platform' to enable JTA platform integration)
2025-01-13 23:17:34,176 INFO o.s.o.j.AbstractEntityManagerFactoryBean {buildNativeEntityManagerFactory} [main] Initialized JPA EntityManagerFactory for persistence unit 'default'
2025-01-13 23:17:34,805 INFO o.s.d.j.r.q.QueryEnhancerFactory {<clinit>} [main] Hibernate is in classpath; If applicable, HQL parser will be used.
2025-01-13 23:17:35,597 WARN o.s.b.a.o.j.JpaBaseConfiguration$JpaWebConfiguration {openEntityManagerInViewInterceptor} [main] spring.jpa.open-in-view is enabled by default. Therefore, database queries may be performed during view rendering. Explicitly configure spring.jpa.open-in-view to disable this warning
2025-01-13 23:17:36,118 INFO o.a.j.l.DirectJDKLog {log} [main] Starting ProtocolHandler ["http-nio-8080"]
2025-01-13 23:17:36,174 INFO o.s.b.w.e.t.TomcatWebServer {start} [main] Tomcat started on port 8080 (http) with context path '/'
2025-01-13 23:17:36,187 INFO o.s.b.StartupInfoLogger {logStarted} [main] Started HellospringApplication in 12.947 seconds (process running for 13.635)
2025-01-13 23:24:40,219 WARN c.z.h.p.HikariPool$HouseKeeper {run} [HikariPool-1 housekeeper] HikariPool-1 - Thread starvation or clock leap detected (housekeeper delta=1m49s168ms465µs700ns).
2025-01-13 23:44:05,955 INFO o.a.j.l.DirectJDKLog {log} [http-nio-8080-exec-1] Initializing Spring DispatcherServlet 'dispatcherServlet'
2025-01-13 23:44:05,955 INFO o.s.w.s.FrameworkServlet {initServletBean} [http-nio-8080-exec-1] Initializing Servlet 'dispatcherServlet'
2025-01-13 23:44:05,955 INFO o.s.w.s.FrameworkServlet {initServletBean} [http-nio-8080-exec-1] Completed initialization in 0 ms
2025-01-13 23:44:16,021 INFO c.s.a.c.BikeController {getAll} [http-nio-8080-exec-3] BEGIN getAll
2025-01-13 23:44:16,086 INFO c.s.a.c.BikeController {getAll} [http-nio-8080-exec-3] END getAll
