2025-01-21 00:22:41,264 INFO c.s.a.c.BikeController {getAll} [http-nio-8080-exec-3] BEGIN getAll
2025-01-21 00:22:41,689 INFO c.s.a.c.BikeController {getAll} [http-nio-8080-exec-3] END getAll
2025-01-21 00:24:02,625 INFO c.s.a.c.BikeController {getAll} [http-nio-8080-exec-7] BEGIN getAll
2025-01-21 00:24:02,639 INFO c.s.a.c.BikeController {getAll} [http-nio-8080-exec-7] END getAll
2025-01-21 00:24:02,676 INFO c.s.a.c.BikeController {addBike} [http-nio-8080-exec-6] BEGIN addBike
2025-01-21 00:24:02,773 INFO c.s.a.c.BikeController {addBike} [http-nio-8080-exec-6] END addBike
2025-01-21 00:24:34,500 INFO c.s.a.c.BikeController {addBike} [http-nio-8080-exec-8] BEGIN addBike
2025-01-21 00:24:34,511 INFO c.s.a.c.BikeController {addBike} [http-nio-8080-exec-8] END addBike
2025-01-21 00:24:34,812 INFO c.s.a.c.BikeController {getAll} [http-nio-8080-exec-9] BEGIN getAll
2025-01-21 00:24:34,825 INFO c.s.a.c.BikeController {getAll} [http-nio-8080-exec-9] END getAll
2025-01-21 00:24:41,170 INFO c.s.a.c.BikeController {removeBike} [http-nio-8080-exec-1] BEGIN removeBike
2025-01-21 00:24:41,366 INFO c.s.a.c.BikeController {removeBike} [http-nio-8080-exec-1] END removeBike
2025-01-21 00:24:41,431 INFO c.s.a.c.BikeController {getAll} [http-nio-8080-exec-10] BEGIN getAll
2025-01-21 00:24:41,444 INFO c.s.a.c.BikeController {getAll} [http-nio-8080-exec-10] END getAll
2025-01-21 00:24:45,367 INFO c.s.a.c.BikeController {removeBike} [http-nio-8080-exec-2] BEGIN removeBike
2025-01-21 00:24:45,375 INFO c.s.a.c.BikeController {removeBike} [http-nio-8080-exec-2] END removeBike
2025-01-21 00:24:45,540 INFO c.s.a.c.BikeController {getAll} [http-nio-8080-exec-4] BEGIN getAll
2025-01-21 00:24:45,569 INFO c.s.a.c.BikeController {getAll} [http-nio-8080-exec-4] END getAll
2025-01-21 00:25:28,442 INFO c.s.a.c.BikeController {modifyBike} [http-nio-8080-exec-7] BEGIN modifyBike
2025-01-21 00:25:28,523 INFO c.s.a.c.BikeController {modifyBike} [http-nio-8080-exec-7] END modifyBike
2025-01-21 00:25:28,652 INFO c.s.a.c.BikeController {getAll} [http-nio-8080-exec-6] BEGIN getAll
2025-01-21 00:25:28,667 INFO c.s.a.c.BikeController {getAll} [http-nio-8080-exec-6] END getAll
2025-01-21 13:03:29,527 INFO o.h.v.i.u.Version {<clinit>} [background-preinit] HV000001: Hibernate Validator 8.0.1.Final
2025-01-21 13:03:29,614 INFO o.s.b.StartupInfoLogger {logStarting} [main] Starting HellospringApplication using Java 21 with PID 11876 (C:\Users\34618\Documents\2DAM Gdo. Superior\Acceso a datos 2DAM\hellospring\target\classes started by 34618 in C:\Users\34618\Documents\2DAM Gdo. Superior\Acceso a datos 2DAM\hellospring)
2025-01-21 13:03:29,614 INFO o.s.b.SpringApplication {logStartupProfileInfo} [main] No active profile set, falling back to 1 default profile: "default"
2025-01-21 13:03:30,566 INFO o.s.d.r.c.RepositoryConfigurationDelegate {registerRepositoriesIn} [main] Bootstrapping Spring Data JPA repositories in DEFAULT mode.
2025-01-21 13:03:30,675 INFO o.s.d.r.c.RepositoryConfigurationDelegate {registerRepositoriesIn} [main] Finished Spring Data repository scanning in 94 ms. Found 5 JPA repository interfaces.
2025-01-21 13:03:31,472 INFO o.s.b.w.e.t.TomcatWebServer {initialize} [main] Tomcat initialized with port 8080 (http)
2025-01-21 13:03:31,488 INFO o.a.j.l.DirectJDKLog {log} [main] Initializing ProtocolHandler ["http-nio-8080"]
2025-01-21 13:03:31,503 INFO o.a.j.l.DirectJDKLog {log} [main] Starting service [Tomcat]
2025-01-21 13:03:31,503 INFO o.a.j.l.DirectJDKLog {log} [main] Starting Servlet engine: [Apache Tomcat/10.1.31]
2025-01-21 13:03:31,597 INFO o.a.j.l.DirectJDKLog {log} [main] Initializing Spring embedded WebApplicationContext
2025-01-21 13:03:31,613 INFO o.s.b.w.s.c.ServletWebServerApplicationContext {prepareWebApplicationContext} [main] Root WebApplicationContext: initialization completed in 1933 ms
2025-01-21 13:03:31,644 INFO c.z.h.HikariDataSource {getConnection} [main] HikariPool-1 - Starting...
2025-01-21 13:03:32,012 INFO c.z.h.p.HikariPool {checkFailFast} [main] HikariPool-1 - Added connection conn0: url=jdbc:h2:file:C:/Users/34618/bikes.db user=SA
2025-01-21 13:03:32,015 INFO c.z.h.HikariDataSource {getConnection} [main] HikariPool-1 - Start completed.
2025-01-21 13:03:32,026 INFO o.s.b.a.h.H2ConsoleAutoConfiguration {logDataSources} [main] H2 console available at '/h2-console'. Database available at 'jdbc:h2:file:C:/Users/34618/bikes.db'
2025-01-21 13:03:32,233 INFO o.h.j.i.u.LogHelper {logPersistenceUnitInformation} [main] HHH000204: Processing PersistenceUnitInfo [name: default]
2025-01-21 13:03:32,327 INFO o.h.Version {logVersion} [main] HHH000412: Hibernate ORM core version 6.5.3.Final
2025-01-21 13:03:32,378 INFO o.h.c.i.RegionFactoryInitiator {initiateService} [main] HHH000026: Second-level cache disabled
2025-01-21 13:03:32,769 INFO o.s.o.j.p.SpringPersistenceUnitInfo {addTransformer} [main] No LoadTimeWeaver setup: ignoring JPA class transformer
2025-01-21 13:03:32,862 WARN o.h.e.j.d.i.DialectFactoryImpl {constructDialect} [main] HHH90000025: H2Dialect does not need to be specified explicitly using 'hibernate.dialect' (remove the property setting and it will be selected by default)
2025-01-21 13:03:34,206 INFO o.h.e.t.j.p.i.JtaPlatformInitiator {initiateService} [main] HHH000489: No JTA platform available (set 'hibernate.transaction.jta.platform' to enable JTA platform integration)
2025-01-21 13:03:34,284 INFO o.s.o.j.AbstractEntityManagerFactoryBean {buildNativeEntityManagerFactory} [main] Initialized JPA EntityManagerFactory for persistence unit 'default'
2025-01-21 13:03:34,753 INFO o.s.d.j.r.q.QueryEnhancerFactory {<clinit>} [main] Hibernate is in classpath; If applicable, HQL parser will be used.
2025-01-21 13:03:35,440 WARN o.s.b.a.o.j.JpaBaseConfiguration$JpaWebConfiguration {openEntityManagerInViewInterceptor} [main] spring.jpa.open-in-view is enabled by default. Therefore, database queries may be performed during view rendering. Explicitly configure spring.jpa.open-in-view to disable this warning
2025-01-21 13:03:35,858 INFO o.a.j.l.DirectJDKLog {log} [main] Starting ProtocolHandler ["http-nio-8080"]
2025-01-21 13:03:35,905 INFO o.s.b.w.e.t.TomcatWebServer {start} [main] Tomcat started on port 8080 (http) with context path '/'
2025-01-21 13:03:35,914 INFO o.s.b.StartupInfoLogger {logStarted} [main] Started HellospringApplication in 7.463 seconds (process running for 8.014)
2025-01-21 13:03:56,099 INFO o.a.j.l.DirectJDKLog {log} [http-nio-8080-exec-2] Initializing Spring DispatcherServlet 'dispatcherServlet'
2025-01-21 13:03:56,099 INFO o.s.w.s.FrameworkServlet {initServletBean} [http-nio-8080-exec-2] Initializing Servlet 'dispatcherServlet'
2025-01-21 13:03:56,099 INFO o.s.w.s.FrameworkServlet {initServletBean} [http-nio-8080-exec-2] Completed initialization in 0 ms
2025-01-21 13:03:56,157 INFO c.s.a.c.BikeController {getAll} [http-nio-8080-exec-2] BEGIN getAll
2025-01-21 13:03:56,337 INFO c.s.a.c.BikeController {getAll} [http-nio-8080-exec-2] END getAll
2025-01-21 13:04:39,330 INFO c.s.a.c.BikeController {getAll} [http-nio-8080-exec-4] BEGIN getAll
2025-01-21 13:04:39,351 INFO c.s.a.c.BikeController {getAll} [http-nio-8080-exec-4] END getAll
2025-01-21 15:49:59,138 INFO o.h.v.i.u.Version {<clinit>} [background-preinit] HV000001: Hibernate Validator 8.0.1.Final
2025-01-21 15:49:59,229 INFO o.s.b.StartupInfoLogger {logStarting} [main] Starting HellospringApplication using Java 21 with PID 3460 (C:\Users\34618\Documents\2DAM Gdo. Superior\Acceso a datos 2DAM\hellospring\target\classes started by 34618 in C:\Users\34618\Documents\2DAM Gdo. Superior\Acceso a datos 2DAM\hellospring)
2025-01-21 15:49:59,229 INFO o.s.b.SpringApplication {logStartupProfileInfo} [main] No active profile set, falling back to 1 default profile: "default"
2025-01-21 15:50:00,108 INFO o.s.d.r.c.RepositoryConfigurationDelegate {registerRepositoriesIn} [main] Bootstrapping Spring Data JPA repositories in DEFAULT mode.
2025-01-21 15:50:00,217 INFO o.s.d.r.c.RepositoryConfigurationDelegate {registerRepositoriesIn} [main] Finished Spring Data repository scanning in 84 ms. Found 5 JPA repository interfaces.
2025-01-21 15:50:00,983 INFO o.s.b.w.e.t.TomcatWebServer {initialize} [main] Tomcat initialized with port 8080 (http)
2025-01-21 15:50:00,998 INFO o.a.j.l.DirectJDKLog {log} [main] Initializing ProtocolHandler ["http-nio-8080"]
2025-01-21 15:50:01,014 INFO o.a.j.l.DirectJDKLog {log} [main] Starting service [Tomcat]
2025-01-21 15:50:01,014 INFO o.a.j.l.DirectJDKLog {log} [main] Starting Servlet engine: [Apache Tomcat/10.1.31]
2025-01-21 15:50:01,108 INFO o.a.j.l.DirectJDKLog {log} [main] Initializing Spring embedded WebApplicationContext
2025-01-21 15:50:01,108 INFO o.s.b.w.s.c.ServletWebServerApplicationContext {prepareWebApplicationContext} [main] Root WebApplicationContext: initialization completed in 1816 ms
2025-01-21 15:50:01,155 INFO c.z.h.HikariDataSource {getConnection} [main] HikariPool-1 - Starting...
2025-01-21 15:50:01,483 INFO c.z.h.p.HikariPool {checkFailFast} [main] HikariPool-1 - Added connection conn0: url=jdbc:h2:file:C:/Users/34618/bikes.db user=SA
2025-01-21 15:50:01,483 INFO c.z.h.HikariDataSource {getConnection} [main] HikariPool-1 - Start completed.
2025-01-21 15:50:01,499 INFO o.s.b.a.h.H2ConsoleAutoConfiguration {logDataSources} [main] H2 console available at '/h2-console'. Database available at 'jdbc:h2:file:C:/Users/34618/bikes.db'
2025-01-21 15:50:01,688 INFO o.h.j.i.u.LogHelper {logPersistenceUnitInformation} [main] HHH000204: Processing PersistenceUnitInfo [name: default]
2025-01-21 15:50:01,813 INFO o.h.Version {logVersion} [main] HHH000412: Hibernate ORM core version 6.5.3.Final
2025-01-21 15:50:01,864 INFO o.h.c.i.RegionFactoryInitiator {initiateService} [main] HHH000026: Second-level cache disabled
2025-01-21 15:50:02,364 INFO o.s.o.j.p.SpringPersistenceUnitInfo {addTransformer} [main] No LoadTimeWeaver setup: ignoring JPA class transformer
2025-01-21 15:50:02,458 WARN o.h.e.j.d.i.DialectFactoryImpl {constructDialect} [main] HHH90000025: H2Dialect does not need to be specified explicitly using 'hibernate.dialect' (remove the property setting and it will be selected by default)
2025-01-21 15:50:03,685 INFO o.h.e.t.j.p.i.JtaPlatformInitiator {initiateService} [main] HHH000489: No JTA platform available (set 'hibernate.transaction.jta.platform' to enable JTA platform integration)
2025-01-21 15:50:03,758 INFO o.s.o.j.AbstractEntityManagerFactoryBean {buildNativeEntityManagerFactory} [main] Initialized JPA EntityManagerFactory for persistence unit 'default'
2025-01-21 15:50:04,204 INFO o.s.d.j.r.q.QueryEnhancerFactory {<clinit>} [main] Hibernate is in classpath; If applicable, HQL parser will be used.
2025-01-21 15:50:04,880 WARN o.s.b.a.o.j.JpaBaseConfiguration$JpaWebConfiguration {openEntityManagerInViewInterceptor} [main] spring.jpa.open-in-view is enabled by default. Therefore, database queries may be performed during view rendering. Explicitly configure spring.jpa.open-in-view to disable this warning
2025-01-21 15:50:05,287 INFO o.a.j.l.DirectJDKLog {log} [main] Starting ProtocolHandler ["http-nio-8080"]
2025-01-21 15:50:05,331 INFO o.s.b.w.e.t.TomcatWebServer {start} [main] Tomcat started on port 8080 (http) with context path '/'
2025-01-21 15:50:05,341 INFO o.s.b.StartupInfoLogger {logStarted} [main] Started HellospringApplication in 6.94 seconds (process running for 7.486)
2025-01-21 15:50:15,152 INFO o.a.j.l.DirectJDKLog {log} [http-nio-8080-exec-1] Initializing Spring DispatcherServlet 'dispatcherServlet'
2025-01-21 15:50:15,152 INFO o.s.w.s.FrameworkServlet {initServletBean} [http-nio-8080-exec-1] Initializing Servlet 'dispatcherServlet'
2025-01-21 15:50:15,154 INFO o.s.w.s.FrameworkServlet {initServletBean} [http-nio-8080-exec-1] Completed initialization in 1 ms
2025-01-21 15:50:15,250 INFO c.s.a.c.BikeController {getAll} [http-nio-8080-exec-1] BEGIN getAll
2025-01-21 15:50:15,417 INFO c.s.a.c.BikeController {getAll} [http-nio-8080-exec-1] END getAll
2025-01-21 15:50:18,680 INFO c.s.a.c.BikeController {getAll} [http-nio-8080-exec-2] BEGIN getAll
2025-01-21 15:50:18,685 INFO c.s.a.c.BikeController {getAll} [http-nio-8080-exec-2] END getAll
2025-01-21 15:54:03,479 INFO o.h.v.i.u.Version {<clinit>} [background-preinit] HV000001: Hibernate Validator 8.0.1.Final
2025-01-21 15:54:03,571 INFO o.s.b.StartupInfoLogger {logStarting} [main] Starting HellospringApplication using Java 21 with PID 2440 (C:\Users\34618\Documents\2DAM Gdo. Superior\Acceso a datos 2DAM\hellospring\target\classes started by 34618 in C:\Users\34618\Documents\2DAM Gdo. Superior\Acceso a datos 2DAM\hellospring)
2025-01-21 15:54:03,571 INFO o.s.b.SpringApplication {logStartupProfileInfo} [main] No active profile set, falling back to 1 default profile: "default"
2025-01-21 15:54:04,332 INFO o.s.d.r.c.RepositoryConfigurationDelegate {registerRepositoriesIn} [main] Bootstrapping Spring Data JPA repositories in DEFAULT mode.
2025-01-21 15:54:04,410 INFO o.s.d.r.c.RepositoryConfigurationDelegate {registerRepositoriesIn} [main] Finished Spring Data repository scanning in 67 ms. Found 5 JPA repository interfaces.
2025-01-21 15:54:05,082 INFO o.s.b.w.e.t.TomcatWebServer {initialize} [main] Tomcat initialized with port 8080 (http)
2025-01-21 15:54:05,098 INFO o.a.j.l.DirectJDKLog {log} [main] Initializing ProtocolHandler ["http-nio-8080"]
2025-01-21 15:54:05,114 INFO o.a.j.l.DirectJDKLog {log} [main] Starting service [Tomcat]
2025-01-21 15:54:05,114 INFO o.a.j.l.DirectJDKLog {log} [main] Starting Servlet engine: [Apache Tomcat/10.1.31]
2025-01-21 15:54:05,192 INFO o.a.j.l.DirectJDKLog {log} [main] Initializing Spring embedded WebApplicationContext
2025-01-21 15:54:05,192 INFO o.s.b.w.s.c.ServletWebServerApplicationContext {prepareWebApplicationContext} [main] Root WebApplicationContext: initialization completed in 1571 ms
2025-01-21 15:54:05,229 INFO c.z.h.HikariDataSource {getConnection} [main] HikariPool-1 - Starting...
2025-01-21 15:54:05,495 INFO c.z.h.p.HikariPool {checkFailFast} [main] HikariPool-1 - Added connection conn0: url=jdbc:h2:file:C:/Users/34618/bikes.db user=SA
2025-01-21 15:54:05,495 INFO c.z.h.HikariDataSource {getConnection} [main] HikariPool-1 - Start completed.
2025-01-21 15:54:05,511 INFO o.s.b.a.h.H2ConsoleAutoConfiguration {logDataSources} [main] H2 console available at '/h2-console'. Database available at 'jdbc:h2:file:C:/Users/34618/bikes.db'
2025-01-21 15:54:05,668 INFO o.h.j.i.u.LogHelper {logPersistenceUnitInformation} [main] HHH000204: Processing PersistenceUnitInfo [name: default]
2025-01-21 15:54:05,748 INFO o.h.Version {logVersion} [main] HHH000412: Hibernate ORM core version 6.5.3.Final
2025-01-21 15:54:05,795 INFO o.h.c.i.RegionFactoryInitiator {initiateService} [main] HHH000026: Second-level cache disabled
2025-01-21 15:54:06,423 INFO o.s.o.j.p.SpringPersistenceUnitInfo {addTransformer} [main] No LoadTimeWeaver setup: ignoring JPA class transformer
2025-01-21 15:54:06,533 WARN o.h.e.j.d.i.DialectFactoryImpl {constructDialect} [main] HHH90000025: H2Dialect does not need to be specified explicitly using 'hibernate.dialect' (remove the property setting and it will be selected by default)
2025-01-21 15:54:08,407 INFO o.h.e.t.j.p.i.JtaPlatformInitiator {initiateService} [main] HHH000489: No JTA platform available (set 'hibernate.transaction.jta.platform' to enable JTA platform integration)
2025-01-21 15:54:08,470 INFO o.s.o.j.AbstractEntityManagerFactoryBean {buildNativeEntityManagerFactory} [main] Initialized JPA EntityManagerFactory for persistence unit 'default'
2025-01-21 15:54:08,829 INFO o.s.d.j.r.q.QueryEnhancerFactory {<clinit>} [main] Hibernate is in classpath; If applicable, HQL parser will be used.
2025-01-21 15:54:09,376 WARN o.s.b.a.o.j.JpaBaseConfiguration$JpaWebConfiguration {openEntityManagerInViewInterceptor} [main] spring.jpa.open-in-view is enabled by default. Therefore, database queries may be performed during view rendering. Explicitly configure spring.jpa.open-in-view to disable this warning
2025-01-21 15:54:09,704 INFO o.a.j.l.DirectJDKLog {log} [main] Starting ProtocolHandler ["http-nio-8080"]
2025-01-21 15:54:09,751 INFO o.s.b.w.e.t.TomcatWebServer {start} [main] Tomcat started on port 8080 (http) with context path '/'
2025-01-21 15:54:09,766 INFO o.s.b.StartupInfoLogger {logStarted} [main] Started HellospringApplication in 6.869 seconds (process running for 7.342)
2025-01-21 17:24:38,638 INFO o.a.j.l.DirectJDKLog {log} [http-nio-8080-exec-1] Initializing Spring DispatcherServlet 'dispatcherServlet'
2025-01-21 17:24:38,693 INFO o.s.w.s.FrameworkServlet {initServletBean} [http-nio-8080-exec-1] Initializing Servlet 'dispatcherServlet'
2025-01-21 17:24:38,930 INFO o.s.w.s.FrameworkServlet {initServletBean} [http-nio-8080-exec-1] Completed initialization in 229 ms
2025-01-21 17:24:39,820 INFO c.s.a.c.BikeController {getAll} [http-nio-8080-exec-1] BEGIN getAll
2025-01-21 17:24:41,386 INFO c.s.a.c.BikeController {getAll} [http-nio-8080-exec-1] END getAll
2025-01-21 17:28:44,348 INFO c.s.a.c.BikeController {getAll} [http-nio-8080-exec-3] BEGIN getAll
2025-01-21 17:28:44,507 INFO c.s.a.c.BikeController {getAll} [http-nio-8080-exec-3] END getAll
2025-01-21 17:29:18,959 INFO c.s.a.c.BikeController {removeBike} [http-nio-8080-exec-4] BEGIN removeBike
2025-01-21 17:29:19,407 INFO c.s.a.c.BikeController {removeBike} [http-nio-8080-exec-4] END removeBike
2025-01-21 17:29:19,527 INFO c.s.a.c.BikeController {getAll} [http-nio-8080-exec-5] BEGIN getAll
2025-01-21 17:29:19,541 INFO c.s.a.c.BikeController {getAll} [http-nio-8080-exec-5] END getAll
2025-01-21 17:30:28,515 INFO c.s.a.c.MechanicController {getAll} [http-nio-8080-exec-8] BEGIN getAll
2025-01-21 17:30:28,552 INFO c.s.a.c.MechanicController {getAll} [http-nio-8080-exec-8] END getAll
2025-01-21 17:30:52,484 INFO c.s.a.c.MechanicController {addMechanic} [http-nio-8080-exec-10] BEGIN addMechanic
2025-01-21 17:30:52,784 INFO c.s.a.c.MechanicController {addMechanic} [http-nio-8080-exec-10] END addMechanic
2025-01-21 17:30:53,025 INFO c.s.a.c.MechanicController {getAll} [http-nio-8080-exec-1] BEGIN getAll
2025-01-21 17:30:53,036 INFO c.s.a.c.MechanicController {getAll} [http-nio-8080-exec-1] END getAll
2025-01-21 17:31:10,546 INFO c.s.a.c.MechanicController {modifyMechanic} [http-nio-8080-exec-2] BEGIN modifyMechanic
2025-01-21 17:31:10,608 INFO c.s.a.c.MechanicController {modifyMechanic} [http-nio-8080-exec-2] END modifyMechanic
2025-01-21 17:31:10,868 INFO c.s.a.c.MechanicController {getAll} [http-nio-8080-exec-3] BEGIN getAll
2025-01-21 17:31:10,879 INFO c.s.a.c.MechanicController {getAll} [http-nio-8080-exec-3] END getAll
2025-01-21 17:31:38,904 INFO c.s.a.c.MechanicController {removeMechanic} [http-nio-8080-exec-5] BEGIN removeMechanic
2025-01-21 17:31:39,001 INFO c.s.a.c.MechanicController {removeMechanic} [http-nio-8080-exec-5] END removeMechanic
2025-01-21 17:31:39,304 INFO c.s.a.c.MechanicController {getAll} [http-nio-8080-exec-6] BEGIN getAll
2025-01-21 17:31:39,338 INFO c.s.a.c.MechanicController {getAll} [http-nio-8080-exec-6] END getAll
2025-01-21 17:32:42,513 INFO c.s.a.c.BikeController {addBike} [http-nio-8080-exec-3] BEGIN addBike
2025-01-21 17:32:42,548 INFO c.s.a.c.BikeController {addBike} [http-nio-8080-exec-3] END addBike
2025-01-21 17:32:42,560 INFO c.s.a.c.BikeController {getAll} [http-nio-8080-exec-4] BEGIN getAll
2025-01-21 17:32:42,573 INFO c.s.a.c.BikeController {getAll} [http-nio-8080-exec-4] END getAll
2025-01-21 17:33:35,228 INFO c.s.a.c.BikeController {addBike} [http-nio-8080-exec-5] BEGIN addBike
2025-01-21 17:33:35,235 INFO c.s.a.c.BikeController {addBike} [http-nio-8080-exec-5] END addBike
2025-01-21 17:33:35,389 INFO c.s.a.c.BikeController {getAll} [http-nio-8080-exec-6] BEGIN getAll
2025-01-21 17:33:35,402 INFO c.s.a.c.BikeController {getAll} [http-nio-8080-exec-6] END getAll
2025-01-21 17:35:54,187 INFO c.s.a.c.MechanicController {getAll} [http-nio-8080-exec-1] BEGIN getAll
2025-01-21 17:35:54,194 INFO c.s.a.c.MechanicController {getAll} [http-nio-8080-exec-1] END getAll
2025-01-21 17:36:15,630 INFO c.s.a.c.MechanicController {modifyMechanic} [http-nio-8080-exec-2] BEGIN modifyMechanic
2025-01-21 17:36:15,644 INFO c.s.a.c.MechanicController {modifyMechanic} [http-nio-8080-exec-2] END modifyMechanic
2025-01-21 17:36:15,809 INFO c.s.a.c.MechanicController {getAll} [http-nio-8080-exec-3] BEGIN getAll
2025-01-21 17:36:15,813 INFO c.s.a.c.MechanicController {getAll} [http-nio-8080-exec-3] END getAll
2025-01-21 17:41:32,802 INFO c.s.a.c.BikeController {getAll} [http-nio-8080-exec-7] BEGIN getAll
2025-01-21 17:41:32,938 INFO c.s.a.c.BikeController {getAll} [http-nio-8080-exec-7] END getAll
2025-01-21 17:47:08,040 INFO c.s.a.c.BikeController {getAll} [http-nio-8080-exec-8] BEGIN getAll
2025-01-21 17:47:08,053 INFO c.s.a.c.BikeController {getAll} [http-nio-8080-exec-8] END getAll
2025-01-21 17:47:35,600 INFO c.s.a.c.BikeController {removeBike} [http-nio-8080-exec-3] BEGIN removeBike
2025-01-21 17:47:35,662 INFO c.s.a.c.BikeController {removeBike} [http-nio-8080-exec-3] END removeBike
2025-01-21 17:47:35,776 INFO c.s.a.c.BikeController {getAll} [http-nio-8080-exec-4] BEGIN getAll
2025-01-21 17:47:35,791 INFO c.s.a.c.BikeController {getAll} [http-nio-8080-exec-4] END getAll
2025-01-21 17:47:38,883 INFO c.s.a.c.BikeController {getAll} [http-nio-8080-exec-5] BEGIN getAll
2025-01-21 17:47:38,906 INFO c.s.a.c.BikeController {getAll} [http-nio-8080-exec-5] END getAll
2025-01-21 17:47:50,225 INFO c.s.a.c.BikeController {removeBike} [http-nio-8080-exec-6] BEGIN removeBike
2025-01-21 17:47:50,229 INFO c.s.a.c.BikeController {removeBike} [http-nio-8080-exec-6] END removeBike
2025-01-21 17:47:50,279 INFO c.s.a.c.BikeController {getAll} [http-nio-8080-exec-7] BEGIN getAll
2025-01-21 17:47:50,293 INFO c.s.a.c.BikeController {getAll} [http-nio-8080-exec-7] END getAll
2025-01-21 17:48:02,621 INFO c.s.a.c.BikeController {removeBike} [http-nio-8080-exec-9] BEGIN removeBike
2025-01-21 17:48:02,628 INFO c.s.a.c.BikeController {removeBike} [http-nio-8080-exec-9] END removeBike
2025-01-21 17:48:02,670 INFO c.s.a.c.BikeController {getAll} [http-nio-8080-exec-8] BEGIN getAll
2025-01-21 17:48:02,680 INFO c.s.a.c.BikeController {getAll} [http-nio-8080-exec-8] END getAll
2025-01-21 17:48:34,231 INFO c.s.a.c.BikeController {getAll} [http-nio-8080-exec-1] BEGIN getAll
2025-01-21 17:48:34,269 INFO c.s.a.c.BikeController {getAll} [http-nio-8080-exec-1] END getAll
2025-01-21 17:49:57,455 INFO c.s.a.c.BikeController {getAll} [http-nio-8080-exec-10] BEGIN getAll
2025-01-21 17:49:57,469 INFO c.s.a.c.BikeController {getAll} [http-nio-8080-exec-10] END getAll
2025-01-21 17:50:23,498 INFO c.s.a.c.BikeController {addBike} [http-nio-8080-exec-1] BEGIN addBike
2025-01-21 17:50:23,527 INFO c.s.a.c.BikeController {addBike} [http-nio-8080-exec-1] END addBike
2025-01-21 17:50:23,669 INFO c.s.a.c.BikeController {getAll} [http-nio-8080-exec-2] BEGIN getAll
2025-01-21 17:50:23,689 INFO c.s.a.c.BikeController {getAll} [http-nio-8080-exec-2] END getAll
2025-01-21 17:50:50,791 INFO c.s.a.c.BikeController {addBike} [http-nio-8080-exec-3] BEGIN addBike
2025-01-21 17:50:50,798 INFO c.s.a.c.BikeController {addBike} [http-nio-8080-exec-3] END addBike
2025-01-21 17:50:50,981 INFO c.s.a.c.BikeController {getAll} [http-nio-8080-exec-4] BEGIN getAll
2025-01-21 17:50:50,990 INFO c.s.a.c.BikeController {getAll} [http-nio-8080-exec-4] END getAll
2025-01-21 17:51:07,248 INFO c.s.a.c.BikeController {removeBike} [http-nio-8080-exec-6] BEGIN removeBike
2025-01-21 17:51:07,256 INFO c.s.a.c.BikeController {removeBike} [http-nio-8080-exec-6] END removeBike
2025-01-21 17:51:07,298 INFO c.s.a.c.BikeController {getAll} [http-nio-8080-exec-7] BEGIN getAll
2025-01-21 17:51:07,319 INFO c.s.a.c.BikeController {getAll} [http-nio-8080-exec-7] END getAll
2025-01-21 17:52:11,428 INFO c.s.a.c.MechanicController {getAll} [http-nio-8080-exec-4] BEGIN getAll
2025-01-21 17:52:11,441 INFO c.s.a.c.MechanicController {getAll} [http-nio-8080-exec-4] END getAll
2025-01-21 17:53:10,526 INFO c.s.a.c.BikeController {addBike} [http-nio-8080-exec-5] BEGIN addBike
2025-01-21 17:53:10,575 INFO c.s.a.c.BikeController {addBike} [http-nio-8080-exec-5] END addBike
2025-01-21 17:53:10,827 INFO c.s.a.c.BikeController {getAll} [http-nio-8080-exec-6] BEGIN getAll
2025-01-21 17:53:10,850 INFO c.s.a.c.BikeController {getAll} [http-nio-8080-exec-6] END getAll
2025-01-21 17:53:23,253 INFO c.s.a.c.BikeController {removeBike} [http-nio-8080-exec-9] BEGIN removeBike
2025-01-21 17:53:23,258 INFO c.s.a.c.BikeController {removeBike} [http-nio-8080-exec-9] END removeBike
2025-01-21 17:53:23,300 INFO c.s.a.c.BikeController {getAll} [http-nio-8080-exec-8] BEGIN getAll
2025-01-21 17:53:23,314 INFO c.s.a.c.BikeController {getAll} [http-nio-8080-exec-8] END getAll
2025-01-21 18:07:15,435 INFO c.s.a.c.MechanicController {getAll} [http-nio-8080-exec-4] BEGIN getAll
2025-01-21 18:07:15,491 INFO c.s.a.c.MechanicController {getAll} [http-nio-8080-exec-4] END getAll
2025-01-21 18:30:54,486 INFO c.s.a.c.BikeController {getAll} [http-nio-8080-exec-6] BEGIN getAll
2025-01-21 18:30:54,999 INFO c.s.a.c.BikeController {getAll} [http-nio-8080-exec-6] END getAll
2025-01-21 18:36:37,788 INFO c.s.a.c.BikeController {getAll} [http-nio-8080-exec-8] BEGIN getAll
2025-01-21 18:36:37,995 INFO c.s.a.c.BikeController {getAll} [http-nio-8080-exec-8] END getAll
2025-01-21 19:12:36,245 INFO c.s.a.c.BikeController {getAll} [http-nio-8080-exec-1] BEGIN getAll
2025-01-21 19:12:36,918 INFO c.s.a.c.BikeController {getAll} [http-nio-8080-exec-1] END getAll
2025-01-21 19:15:08,629 INFO c.s.a.c.MechanicController {getAll} [http-nio-8080-exec-3] BEGIN getAll
2025-01-21 19:15:08,644 INFO c.s.a.c.MechanicController {getAll} [http-nio-8080-exec-3] END getAll
2025-01-21 19:26:33,058 INFO c.s.a.c.BikeController {getAll} [http-nio-8080-exec-5] BEGIN getAll
2025-01-21 19:26:33,122 INFO c.s.a.c.BikeController {getAll} [http-nio-8080-exec-5] END getAll
2025-01-21 19:45:48,945 INFO c.s.a.c.BikeController {getAll} [http-nio-8080-exec-7] BEGIN getAll
2025-01-21 19:45:49,222 INFO c.s.a.c.BikeController {getAll} [http-nio-8080-exec-7] END getAll
2025-01-21 19:46:18,627 INFO c.s.a.c.MechanicController {getAll} [http-nio-8080-exec-9] BEGIN getAll
2025-01-21 19:46:18,641 INFO c.s.a.c.MechanicController {getAll} [http-nio-8080-exec-9] END getAll
2025-01-21 21:04:41,710 INFO c.s.a.c.BikeController {getAll} [http-nio-8080-exec-1] BEGIN getAll
2025-01-21 21:04:42,380 INFO c.s.a.c.BikeController {getAll} [http-nio-8080-exec-1] END getAll
2025-01-21 21:09:38,565 INFO c.s.a.c.BikeController {getAll} [http-nio-8080-exec-3] BEGIN getAll
2025-01-21 21:09:38,819 INFO c.s.a.c.BikeController {getAll} [http-nio-8080-exec-3] END getAll
2025-01-21 21:09:41,388 INFO c.s.a.c.MechanicController {getAll} [http-nio-8080-exec-4] BEGIN getAll
2025-01-21 21:09:41,430 INFO c.s.a.c.MechanicController {getAll} [http-nio-8080-exec-4] END getAll
2025-01-21 21:18:18,726 INFO c.s.a.c.BikeController {getAll} [http-nio-8080-exec-7] BEGIN getAll
2025-01-21 21:18:18,945 INFO c.s.a.c.BikeController {getAll} [http-nio-8080-exec-7] END getAll
2025-01-21 21:23:12,117 INFO c.s.a.c.MechanicController {getAll} [http-nio-8080-exec-8] BEGIN getAll
2025-01-21 21:23:12,165 INFO c.s.a.c.MechanicController {getAll} [http-nio-8080-exec-8] END getAll
2025-01-21 21:42:05,197 INFO c.s.a.c.BikeController {getAll} [http-nio-8080-exec-1] BEGIN getAll
2025-01-21 21:42:07,259 INFO c.s.a.c.BikeController {getAll} [http-nio-8080-exec-1] END getAll
2025-01-21 21:42:45,235 INFO c.s.a.c.BikeController {getAll} [http-nio-8080-exec-3] BEGIN getAll
2025-01-21 21:42:45,241 INFO c.s.a.c.BikeController {getAll} [http-nio-8080-exec-3] END getAll
2025-01-21 21:42:45,488 INFO c.s.a.c.BikeController {addBike} [http-nio-8080-exec-2] BEGIN addBike
2025-01-21 21:42:45,580 INFO c.s.a.c.BikeController {addBike} [http-nio-8080-exec-2] END addBike
2025-01-21 21:47:03,578 INFO c.s.a.c.BikeController {getAll} [http-nio-8080-exec-7] BEGIN getAll
2025-01-21 21:47:03,919 INFO c.s.a.c.BikeController {getAll} [http-nio-8080-exec-7] END getAll
2025-01-21 21:47:58,329 INFO c.s.a.c.BikeController {removeBike} [http-nio-8080-exec-9] BEGIN removeBike
2025-01-21 21:47:58,486 INFO c.s.a.c.BikeController {removeBike} [http-nio-8080-exec-9] END removeBike
2025-01-21 21:47:58,688 INFO c.s.a.c.BikeController {getAll} [http-nio-8080-exec-8] BEGIN getAll
2025-01-21 21:47:58,703 INFO c.s.a.c.BikeController {getAll} [http-nio-8080-exec-8] END getAll
2025-01-21 21:48:01,378 INFO c.s.a.c.BikeController {removeBike} [http-nio-8080-exec-10] BEGIN removeBike
2025-01-21 21:48:01,388 INFO c.s.a.c.BikeController {removeBike} [http-nio-8080-exec-10] END removeBike
2025-01-21 21:48:01,603 INFO c.s.a.c.BikeController {getAll} [http-nio-8080-exec-1] BEGIN getAll
2025-01-21 21:48:01,624 INFO c.s.a.c.BikeController {getAll} [http-nio-8080-exec-1] END getAll
2025-01-21 21:48:22,868 INFO c.s.a.c.BikeController {addBike} [http-nio-8080-exec-2] BEGIN addBike
2025-01-21 21:48:23,088 INFO c.s.a.c.BikeController {addBike} [http-nio-8080-exec-2] END addBike
2025-01-21 21:48:23,186 INFO c.s.a.c.BikeController {getAll} [http-nio-8080-exec-4] BEGIN getAll
2025-01-21 21:48:23,474 INFO c.s.a.c.BikeController {getAll} [http-nio-8080-exec-4] END getAll
2025-01-21 21:48:59,659 INFO c.s.a.c.MechanicController {getAll} [http-nio-8080-exec-7] BEGIN getAll
2025-01-21 21:48:59,689 INFO c.s.a.c.MechanicController {getAll} [http-nio-8080-exec-7] END getAll
2025-01-21 21:49:44,544 INFO c.s.a.c.MechanicController {addMechanic} [http-nio-8080-exec-3] BEGIN addMechanic
2025-01-21 21:49:44,711 INFO c.s.a.c.MechanicController {addMechanic} [http-nio-8080-exec-3] END addMechanic
2025-01-21 21:49:44,954 INFO c.s.a.c.MechanicController {getAll} [http-nio-8080-exec-2] BEGIN getAll
2025-01-21 21:49:44,960 INFO c.s.a.c.MechanicController {getAll} [http-nio-8080-exec-2] END getAll
2025-01-21 21:55:13,293 INFO c.s.a.c.BikeController {getAll} [http-nio-8080-exec-7] BEGIN getAll
2025-01-21 21:55:13,444 INFO c.s.a.c.BikeController {getAll} [http-nio-8080-exec-7] END getAll
2025-01-21 21:55:37,018 INFO c.s.a.c.BikeController {addBike} [http-nio-8080-exec-8] BEGIN addBike
2025-01-21 21:55:37,080 INFO c.s.a.c.BikeController {addBike} [http-nio-8080-exec-8] END addBike
2025-01-21 21:55:37,279 INFO c.s.a.c.BikeController {getAll} [http-nio-8080-exec-9] BEGIN getAll
2025-01-21 21:55:37,292 INFO c.s.a.c.BikeController {getAll} [http-nio-8080-exec-9] END getAll
2025-01-21 21:55:42,680 INFO c.s.a.c.BikeController {removeBike} [http-nio-8080-exec-10] BEGIN removeBike
2025-01-21 21:55:42,688 INFO c.s.a.c.BikeController {removeBike} [http-nio-8080-exec-10] END removeBike
2025-01-21 21:55:42,732 INFO c.s.a.c.BikeController {getAll} [http-nio-8080-exec-1] BEGIN getAll
2025-01-21 21:55:42,742 INFO c.s.a.c.BikeController {getAll} [http-nio-8080-exec-1] END getAll
2025-01-21 21:55:45,083 INFO c.s.a.c.BikeController {removeBike} [http-nio-8080-exec-3] BEGIN removeBike
2025-01-21 21:55:45,090 INFO c.s.a.c.BikeController {removeBike} [http-nio-8080-exec-3] END removeBike
2025-01-21 21:55:45,127 INFO c.s.a.c.BikeController {getAll} [http-nio-8080-exec-2] BEGIN getAll
2025-01-21 21:55:45,142 INFO c.s.a.c.BikeController {getAll} [http-nio-8080-exec-2] END getAll
2025-01-21 21:55:48,907 INFO c.s.a.c.MechanicController {getAll} [http-nio-8080-exec-4] BEGIN getAll
2025-01-21 21:55:48,918 INFO c.s.a.c.MechanicController {getAll} [http-nio-8080-exec-4] END getAll
2025-01-21 21:56:02,909 INFO c.s.a.c.MechanicController {removeMechanic} [http-nio-8080-exec-6] BEGIN removeMechanic
2025-01-21 21:56:02,921 INFO c.s.a.c.MechanicController {removeMechanic} [http-nio-8080-exec-6] END removeMechanic
2025-01-21 21:56:02,968 INFO c.s.a.c.MechanicController {getAll} [http-nio-8080-exec-5] BEGIN getAll
2025-01-21 21:56:02,972 INFO c.s.a.c.MechanicController {getAll} [http-nio-8080-exec-5] END getAll
2025-01-21 21:57:00,354 INFO c.s.a.c.MechanicController {addMechanic} [http-nio-8080-exec-6] BEGIN addMechanic
2025-01-21 21:57:00,357 INFO c.s.a.c.MechanicController {addMechanic} [http-nio-8080-exec-6] END addMechanic
2025-01-21 21:57:00,511 INFO c.s.a.c.MechanicController {getAll} [http-nio-8080-exec-5] BEGIN getAll
2025-01-21 21:57:00,516 INFO c.s.a.c.MechanicController {getAll} [http-nio-8080-exec-5] END getAll
2025-01-21 21:57:10,667 INFO c.s.a.c.MechanicController {removeMechanic} [http-nio-8080-exec-9] BEGIN removeMechanic
2025-01-21 21:57:10,670 INFO c.s.a.c.MechanicController {removeMechanic} [http-nio-8080-exec-9] END removeMechanic
2025-01-21 21:57:10,728 INFO c.s.a.c.MechanicController {getAll} [http-nio-8080-exec-10] BEGIN getAll
2025-01-21 21:57:10,730 INFO c.s.a.c.MechanicController {getAll} [http-nio-8080-exec-10] END getAll
